[2023-12-24 19:28:21 UTC+00:00] [17668] Failed to create record 'Vehicle.v_standard3_thorton_mackinaw_nomad_panam_full_enginedata'. reason: Record already exists
[2023-12-24 19:28:21 UTC+00:00] [17668] Failed to create record 'Vehicle.v_standard3_thorton_mackinaw_nomad_panam_full_vehDriveModelData'. reason: Record already exists
[2023-12-24 19:28:21 UTC+00:00] [17668] Failed to create record 'Vehicle.v_standard3_thorton_mackinaw_nomad_panam_full_vehDataPackage'. reason: Record already exists
[2023-12-24 19:28:21 UTC+00:00] [17668] Failed to create record 'Vehicle.v_standard3_thorton_mackinaw_nomad_panam_full_vehWheelDimensionsSetup'. reason: Record already exists
[2023-12-24 19:28:21 UTC+00:00] [17668] Failed to create record 'Vehicle.v_standard3_thorton_mackinaw_nomad_panam_full_vehWheelSetup'. reason: Record already exists
[2023-12-24 19:28:21 UTC+00:00] [17668] Failed to create record 'Vehicle.v_standard3_thorton_mackinaw_nomad_panam_full_vehWheelSetupFrontPreset'. reason: Record already exists
[2023-12-24 19:28:21 UTC+00:00] [17668] Failed to create record 'Vehicle.v_standard3_thorton_mackinaw_nomad_panam_full_vehWheelSetupRearPreset'. reason: Record already exists
[2023-12-24 19:28:21 UTC+00:00] [17668] Failed to create record 'Vehicle.v_standard3_thorton_mackinaw_nomad_panam_inline_gear0'. reason: Record already exists
[2023-12-24 19:28:21 UTC+00:00] [17668] Failed to create record 'Vehicle.v_standard3_thorton_mackinaw_nomad_panam_inline_gear1'. reason: Record already exists
[2023-12-24 19:28:21 UTC+00:00] [17668] Failed to create record 'Vehicle.v_standard3_thorton_mackinaw_nomad_panam_inline_gear2'. reason: Record already exists
[2023-12-24 19:28:21 UTC+00:00] [17668] Failed to create record 'Vehicle.v_standard3_thorton_mackinaw_nomad_panam_inline_gear3'. reason: Record already exists
[2023-12-24 19:28:21 UTC+00:00] [17668] Failed to create record 'Vehicle.v_standard3_thorton_mackinaw_nomad_panam_inline_gear4'. reason: Record already exists
[2023-12-24 19:28:21 UTC+00:00] [17668] Failed to create record 'Vehicle.v_standard3_thorton_mackinaw_nomad_panam_inline_gear5'. reason: Record already exists
[2023-12-24 19:28:21 UTC+00:00] [17668] Failed to create record 'Vehicle.v_standard3_thorton_mackinaw_nomad_panam_inline_gear6'. reason: Record already exists
[2023-12-24 19:28:21 UTC+00:00] [17668] Failed to create record 'Vehicle.v_standard3_thorton_mackinaw_nomad_panam_inline_gear7'. reason: Record already exists
[2023-12-24 19:29:13 UTC+00:00] [18276] Failed to create record 'Vehicle.v_standard3_thorton_mackinaw_nomad_panam_full_enginedata'. reason: Record already exists
[2023-12-24 19:29:13 UTC+00:00] [18276] Failed to create record 'Vehicle.v_standard3_thorton_mackinaw_nomad_panam_full_vehDriveModelData'. reason: Record already exists
[2023-12-24 19:29:13 UTC+00:00] [18276] Failed to create record 'Vehicle.v_standard3_thorton_mackinaw_nomad_panam_full_vehDataPackage'. reason: Record already exists
[2023-12-24 19:29:13 UTC+00:00] [18276] Failed to create record 'Vehicle.v_standard3_thorton_mackinaw_nomad_panam_full_vehWheelDimensionsSetup'. reason: Record already exists
[2023-12-24 19:29:13 UTC+00:00] [18276] Failed to create record 'Vehicle.v_standard3_thorton_mackinaw_nomad_panam_full_vehWheelSetup'. reason: Record already exists
[2023-12-24 19:29:13 UTC+00:00] [18276] Failed to create record 'Vehicle.v_standard3_thorton_mackinaw_nomad_panam_full_vehWheelSetupFrontPreset'. reason: Record already exists
[2023-12-24 19:29:13 UTC+00:00] [18276] Failed to create record 'Vehicle.v_standard3_thorton_mackinaw_nomad_panam_full_vehWheelSetupRearPreset'. reason: Record already exists
[2023-12-24 19:29:13 UTC+00:00] [18276] Failed to create record 'Vehicle.v_standard3_thorton_mackinaw_nomad_panam_inline_gear0'. reason: Record already exists
[2023-12-24 19:29:13 UTC+00:00] [18276] Failed to create record 'Vehicle.v_standard3_thorton_mackinaw_nomad_panam_inline_gear1'. reason: Record already exists
[2023-12-24 19:29:13 UTC+00:00] [18276] Failed to create record 'Vehicle.v_standard3_thorton_mackinaw_nomad_panam_inline_gear2'. reason: Record already exists
[2023-12-24 19:29:13 UTC+00:00] [18276] Failed to create record 'Vehicle.v_standard3_thorton_mackinaw_nomad_panam_inline_gear3'. reason: Record already exists
[2023-12-24 19:29:13 UTC+00:00] [18276] Failed to create record 'Vehicle.v_standard3_thorton_mackinaw_nomad_panam_inline_gear4'. reason: Record already exists
[2023-12-24 19:29:13 UTC+00:00] [18276] Failed to create record 'Vehicle.v_standard3_thorton_mackinaw_nomad_panam_inline_gear5'. reason: Record already exists
[2023-12-24 19:29:13 UTC+00:00] [18276] Failed to create record 'Vehicle.v_standard3_thorton_mackinaw_nomad_panam_inline_gear6'. reason: Record already exists
[2023-12-24 19:29:13 UTC+00:00] [18276] Failed to create record 'Vehicle.v_standard3_thorton_mackinaw_nomad_panam_inline_gear7'. reason: Record already exists
[2023-12-24 19:35:00 UTC+00:00] [8844] Failed to create record 'Vehicle.v_standard3_thorton_mackinaw_nomad_panam_full_enginedata'. reason: Record already exists
[2023-12-24 19:35:00 UTC+00:00] [8844] Failed to create record 'Vehicle.v_standard3_thorton_mackinaw_nomad_panam_full_vehDriveModelData'. reason: Record already exists
[2023-12-24 19:35:00 UTC+00:00] [8844] Failed to create record 'Vehicle.v_standard3_thorton_mackinaw_nomad_panam_full_vehDataPackage'. reason: Record already exists
[2023-12-24 19:35:00 UTC+00:00] [8844] Failed to create record 'Vehicle.v_standard3_thorton_mackinaw_nomad_panam_full_vehWheelDimensionsSetup'. reason: Record already exists
[2023-12-24 19:35:00 UTC+00:00] [8844] Failed to create record 'Vehicle.v_standard3_thorton_mackinaw_nomad_panam_full_vehWheelSetup'. reason: Record already exists
[2023-12-24 19:35:00 UTC+00:00] [8844] Failed to create record 'Vehicle.v_standard3_thorton_mackinaw_nomad_panam_full_vehWheelSetupFrontPreset'. reason: Record already exists
[2023-12-24 19:35:00 UTC+00:00] [8844] Failed to create record 'Vehicle.v_standard3_thorton_mackinaw_nomad_panam_full_vehWheelSetupRearPreset'. reason: Record already exists
[2023-12-24 19:35:00 UTC+00:00] [8844] Failed to create record 'Vehicle.v_standard3_thorton_mackinaw_nomad_panam_inline_gear0'. reason: Record already exists
[2023-12-24 19:35:00 UTC+00:00] [8844] Failed to create record 'Vehicle.v_standard3_thorton_mackinaw_nomad_panam_inline_gear1'. reason: Record already exists
[2023-12-24 19:35:00 UTC+00:00] [8844] Failed to create record 'Vehicle.v_standard3_thorton_mackinaw_nomad_panam_inline_gear2'. reason: Record already exists
[2023-12-24 19:35:00 UTC+00:00] [8844] Failed to create record 'Vehicle.v_standard3_thorton_mackinaw_nomad_panam_inline_gear3'. reason: Record already exists
[2023-12-24 19:35:00 UTC+00:00] [8844] Failed to create record 'Vehicle.v_standard3_thorton_mackinaw_nomad_panam_inline_gear4'. reason: Record already exists
[2023-12-24 19:35:00 UTC+00:00] [8844] Failed to create record 'Vehicle.v_standard3_thorton_mackinaw_nomad_panam_inline_gear5'. reason: Record already exists
[2023-12-24 19:35:00 UTC+00:00] [8844] Failed to create record 'Vehicle.v_standard3_thorton_mackinaw_nomad_panam_inline_gear6'. reason: Record already exists
[2023-12-24 19:35:00 UTC+00:00] [8844] Failed to create record 'Vehicle.v_standard3_thorton_mackinaw_nomad_panam_inline_gear7'. reason: Record already exists
[2023-12-24 19:38:04 UTC+00:00] [11768] Failed to create record 'Vehicle.v_sportbike2_arch_full_enginedata'. reason: Record already exists
[2023-12-24 19:38:04 UTC+00:00] [11768] Failed to create record 'Vehicle.v_sportbike2_arch_full_vehDriveModelData'. reason: Record already exists
[2023-12-24 19:38:04 UTC+00:00] [11768] Failed to create record 'Vehicle.v_sportbike2_arch_full_vehDataPackage'. reason: Record already exists
[2023-12-24 19:38:04 UTC+00:00] [11768] Failed to create record 'Vehicle.v_sportbike2_arch_full_vehWheelDimensionsSetup'. reason: Record already exists
[2023-12-24 19:38:04 UTC+00:00] [11768] Failed to create record 'Vehicle.v_sportbike2_arch_full_vehWheelSetup'. reason: Record already exists
[2023-12-24 19:38:04 UTC+00:00] [11768] Failed to create record 'Vehicle.v_sportbike2_arch_full_vehWheelSetupFrontPreset'. reason: Record already exists
[2023-12-24 19:38:04 UTC+00:00] [11768] Failed to create record 'Vehicle.v_sportbike2_arch_full_vehWheelSetupRearPreset'. reason: Record already exists
[2023-12-24 19:38:04 UTC+00:00] [11768] Failed to create record 'Vehicle.v_sportbike2_arch_inline_gear0'. reason: Record already exists
[2023-12-24 19:38:04 UTC+00:00] [11768] Failed to create record 'Vehicle.v_sportbike2_arch_inline_gear1'. reason: Record already exists
[2023-12-24 19:38:04 UTC+00:00] [11768] Failed to create record 'Vehicle.v_sportbike2_arch_inline_gear2'. reason: Record already exists
[2023-12-24 19:38:04 UTC+00:00] [11768] Failed to create record 'Vehicle.v_sportbike2_arch_inline_gear3'. reason: Record already exists
[2023-12-24 19:38:04 UTC+00:00] [11768] Failed to create record 'Vehicle.v_sportbike2_arch_inline_gear4'. reason: Record already exists
[2023-12-24 19:38:04 UTC+00:00] [11768] Failed to create record 'Vehicle.v_sportbike2_arch_inline_gear5'. reason: Record already exists
[2023-12-24 19:38:04 UTC+00:00] [11768] Failed to create record 'Vehicle.v_sportbike2_arch_inline_gear6'. reason: Record already exists
[2023-12-24 19:38:04 UTC+00:00] [11768] Failed to create record 'Vehicle.v_sportbike3_brennan_apollo_player_full_enginedata'. reason: Record already exists
[2023-12-24 19:38:04 UTC+00:00] [11768] Failed to create record 'Vehicle.v_sportbike3_brennan_apollo_player_full_vehDriveModelData'. reason: Record already exists
[2023-12-24 19:38:04 UTC+00:00] [11768] Failed to create record 'Vehicle.v_sportbike3_brennan_apollo_player_full_vehDataPackage'. reason: Record already exists
[2023-12-24 19:38:04 UTC+00:00] [11768] Failed to create record 'Vehicle.v_sportbike3_brennan_apollo_player_full_vehWheelDimensionsSetup'. reason: Record already exists
[2023-12-24 19:38:04 UTC+00:00] [11768] Failed to create record 'Vehicle.v_sportbike3_brennan_apollo_player_full_vehWheelSetup'. reason: Record already exists
[2023-12-24 19:38:04 UTC+00:00] [11768] Failed to create record 'Vehicle.v_sportbike3_brennan_apollo_player_full_vehWheelSetupFrontPreset'. reason: Record already exists
[2023-12-24 19:38:04 UTC+00:00] [11768] Failed to create record 'Vehicle.v_sportbike3_brennan_apollo_player_full_vehWheelSetupRearPreset'. reason: Record already exists
[2023-12-24 19:38:04 UTC+00:00] [11768] Failed to create record 'Vehicle.v_sportbike3_brennan_apollo_player_inline_gear0'. reason: Record already exists
[2023-12-24 19:38:04 UTC+00:00] [11768] Failed to create record 'Vehicle.v_sportbike3_brennan_apollo_player_inline_gear1'. reason: Record already exists
[2023-12-24 19:38:04 UTC+00:00] [11768] Failed to create record 'Vehicle.v_sportbike3_brennan_apollo_player_inline_gear2'. reason: Record already exists
[2023-12-24 19:38:04 UTC+00:00] [11768] Failed to create record 'Vehicle.v_sportbike3_brennan_apollo_player_inline_gear3'. reason: Record already exists
[2023-12-24 19:38:04 UTC+00:00] [11768] Failed to create record 'Vehicle.v_sportbike3_brennan_apollo_player_inline_gear4'. reason: Record already exists
[2023-12-24 19:38:04 UTC+00:00] [11768] Failed to create record 'Vehicle.v_sportbike3_brennan_apollo_player_inline_gear5'. reason: Record already exists
[2023-12-24 19:38:04 UTC+00:00] [11768] Failed to create record 'Vehicle.v_sportbike3_brennan_apollo_player_inline_gear6'. reason: Record already exists
[2023-12-24 19:38:04 UTC+00:00] [11768] Failed to create record 'Vehicle.v_sportbike3_brennan_apollo_player_inline_gear7'. reason: Record already exists
[2023-12-24 19:38:04 UTC+00:00] [11768] Failed to create record 'Vehicle.v_standard3_chevalier_emperor_player_full_enginedata'. reason: Record already exists
[2023-12-24 19:38:04 UTC+00:00] [11768] Failed to create record 'Vehicle.v_standard3_chevalier_emperor_player_full_vehDriveModelData'. reason: Record already exists
[2023-12-24 19:38:04 UTC+00:00] [11768] Failed to create record 'Vehicle.v_standard3_chevalier_emperor_player_full_vehDataPackage'. reason: Record already exists
[2023-12-24 19:38:04 UTC+00:00] [11768] Failed to create record 'Vehicle.v_standard3_chevalier_emperor_player_full_vehWheelDimensionsSetup'. reason: Record already exists
[2023-12-24 19:38:04 UTC+00:00] [11768] Failed to create record 'Vehicle.v_standard3_chevalier_emperor_player_full_vehWheelSetup'. reason: Record already exists
[2023-12-24 19:38:04 UTC+00:00] [11768] Failed to create record 'Vehicle.v_standard3_chevalier_emperor_player_full_vehWheelSetupFrontPreset'. reason: Record already exists
[2023-12-24 19:38:04 UTC+00:00] [11768] Failed to create record 'Vehicle.v_standard3_chevalier_emperor_player_full_vehWheelSetupRearPreset'. reason: Record already exists
[2023-12-24 19:38:04 UTC+00:00] [11768] Failed to create record 'Vehicle.v_standard3_chevalier_emperor_player_inline_gear0'. reason: Record already exists
[2023-12-24 19:38:04 UTC+00:00] [11768] Failed to create record 'Vehicle.v_standard3_chevalier_emperor_player_inline_gear1'. reason: Record already exists
[2023-12-24 19:38:04 UTC+00:00] [11768] Failed to create record 'Vehicle.v_standard3_chevalier_emperor_player_inline_gear2'. reason: Record already exists
[2023-12-24 19:38:04 UTC+00:00] [11768] Failed to create record 'Vehicle.v_standard3_chevalier_emperor_player_inline_gear3'. reason: Record already exists
[2023-12-24 19:38:04 UTC+00:00] [11768] Failed to create record 'Vehicle.v_standard3_chevalier_emperor_player_inline_gear4'. reason: Record already exists
[2023-12-24 19:38:04 UTC+00:00] [11768] Failed to create record 'Vehicle.v_standard3_chevalier_emperor_player_inline_gear5'. reason: Record already exists
[2023-12-24 19:38:04 UTC+00:00] [11768] Failed to create record 'Vehicle.v_standard3_chevalier_emperor_player_inline_gear6'. reason: Record already exists
[2023-12-24 19:38:04 UTC+00:00] [11768] Failed to create record 'Vehicle.v_standard3_chevalier_emperor_player_inline_gear7'. reason: Record already exists
[2023-12-24 19:38:04 UTC+00:00] [11768] Failed to create record 'Vehicle.v_standard25_thorton_colby_pickup_full_enginedata'. reason: Record already exists
[2023-12-24 19:38:04 UTC+00:00] [11768] Failed to create record 'Vehicle.v_standard25_thorton_colby_pickup_full_vehDriveModelData'. reason: Record already exists
[2023-12-24 19:38:04 UTC+00:00] [11768] Failed to create record 'Vehicle.v_standard25_thorton_colby_pickup_full_vehDataPackage'. reason: Record already exists
[2023-12-24 19:38:04 UTC+00:00] [11768] Failed to create record 'Vehicle.v_standard25_thorton_colby_pickup_full_vehWheelDimensionsSetup'. reason: Record already exists
[2023-12-24 19:38:04 UTC+00:00] [11768] Failed to create record 'Vehicle.v_standard25_thorton_colby_pickup_full_vehWheelSetup'. reason: Record already exists
[2023-12-24 19:38:04 UTC+00:00] [11768] Failed to create record 'Vehicle.v_standard25_thorton_colby_pickup_full_vehWheelSetupFrontPreset'. reason: Record already exists
[2023-12-24 19:38:04 UTC+00:00] [11768] Failed to create record 'Vehicle.v_standard25_thorton_colby_pickup_full_vehWheelSetupRearPreset'. reason: Record already exists
[2023-12-24 19:38:04 UTC+00:00] [11768] Failed to create record 'Vehicle.v_standard25_thorton_colby_pickup_inline_gear0'. reason: Record already exists
[2023-12-24 19:38:04 UTC+00:00] [11768] Failed to create record 'Vehicle.v_standard25_thorton_colby_pickup_inline_gear1'. reason: Record already exists
[2023-12-24 19:38:04 UTC+00:00] [11768] Failed to create record 'Vehicle.v_standard25_thorton_colby_pickup_inline_gear2'. reason: Record already exists
[2023-12-24 19:38:04 UTC+00:00] [11768] Failed to create record 'Vehicle.v_standard25_thorton_colby_pickup_inline_gear3'. reason: Record already exists
[2023-12-24 19:38:04 UTC+00:00] [11768] Failed to create record 'Vehicle.v_standard25_thorton_colby_pickup_inline_gear4'. reason: Record already exists
[2023-12-24 19:38:04 UTC+00:00] [11768] Failed to create record 'Vehicle.v_standard25_thorton_colby_pickup_inline_gear5'. reason: Record already exists
[2023-12-24 19:38:04 UTC+00:00] [11768] Failed to create record 'Vehicle.v_standard25_thorton_colby_pickup_inline_gear6'. reason: Record already exists
[2023-12-24 19:38:04 UTC+00:00] [11768] Failed to create record 'Vehicle.v_standard25_thorton_colby_nomad_full_enginedata'. reason: Record already exists
[2023-12-24 19:38:04 UTC+00:00] [11768] Failed to create record 'Vehicle.v_standard25_thorton_colby_nomad_full_vehDriveModelData'. reason: Record already exists
[2023-12-24 19:38:04 UTC+00:00] [11768] Failed to create record 'Vehicle.v_standard25_thorton_colby_nomad_full_vehDataPackage'. reason: Record already exists
[2023-12-24 19:38:04 UTC+00:00] [11768] Failed to create record 'Vehicle.v_standard25_thorton_colby_nomad_full_vehWheelDimensionsSetup'. reason: Record already exists
[2023-12-24 19:38:04 UTC+00:00] [11768] Failed to create record 'Vehicle.v_standard25_thorton_colby_nomad_full_vehWheelSetup'. reason: Record already exists
[2023-12-24 19:38:04 UTC+00:00] [11768] Failed to create record 'Vehicle.v_standard25_thorton_colby_nomad_full_vehWheelSetupFrontPreset'. reason: Record already exists
[2023-12-24 19:38:04 UTC+00:00] [11768] Failed to create record 'Vehicle.v_standard25_thorton_colby_nomad_full_vehWheelSetupRearPreset'. reason: Record already exists
[2023-12-24 19:38:04 UTC+00:00] [11768] Failed to create record 'Vehicle.v_standard25_thorton_colby_nomad_inline_gear0'. reason: Record already exists
[2023-12-24 19:38:04 UTC+00:00] [11768] Failed to create record 'Vehicle.v_standard25_thorton_colby_nomad_inline_gear1'. reason: Record already exists
[2023-12-24 19:38:04 UTC+00:00] [11768] Failed to create record 'Vehicle.v_standard25_thorton_colby_nomad_inline_gear2'. reason: Record already exists
[2023-12-24 19:38:04 UTC+00:00] [11768] Failed to create record 'Vehicle.v_standard25_thorton_colby_nomad_inline_gear3'. reason: Record already exists
[2023-12-24 19:38:04 UTC+00:00] [11768] Failed to create record 'Vehicle.v_standard25_thorton_colby_nomad_inline_gear4'. reason: Record already exists
[2023-12-24 19:38:04 UTC+00:00] [11768] Failed to create record 'Vehicle.v_standard25_thorton_colby_nomad_inline_gear5'. reason: Record already exists
[2023-12-24 19:38:04 UTC+00:00] [11768] Failed to create record 'Vehicle.v_standard25_thorton_colby_nomad_inline_gear6'. reason: Record already exists
[2023-12-24 19:38:04 UTC+00:00] [11768] Failed to create record 'Vehicle.v_standard25_thorton_colby_nomad_inline_gear7'. reason: Record already exists
[2023-12-24 19:38:04 UTC+00:00] [11768] Failed to create record 'Vehicle.v_sport1_herrera_outlaw_full_enginedata'. reason: Record already exists
[2023-12-24 19:38:04 UTC+00:00] [11768] Failed to create record 'Vehicle.v_sport1_herrera_outlaw_full_vehDriveModelData'. reason: Record already exists
[2023-12-24 19:38:04 UTC+00:00] [11768] Failed to create record 'Vehicle.v_sport1_herrera_outlaw_full_vehDataPackage'. reason: Record already exists
[2023-12-24 19:38:04 UTC+00:00] [11768] Failed to create record 'Vehicle.v_sport1_herrera_outlaw_full_vehWheelDimensionsSetup'. reason: Record already exists
[2023-12-24 19:38:04 UTC+00:00] [11768] Failed to create record 'Vehicle.v_sport1_herrera_outlaw_full_vehWheelSetup'. reason: Record already exists
[2023-12-24 19:38:04 UTC+00:00] [11768] Failed to create record 'Vehicle.v_sport1_herrera_outlaw_full_vehWheelSetupFrontPreset'. reason: Record already exists
[2023-12-24 19:38:04 UTC+00:00] [11768] Failed to create record 'Vehicle.v_sport1_herrera_outlaw_full_vehWheelSetupRearPreset'. reason: Record already exists
[2023-12-24 19:38:04 UTC+00:00] [11768] Failed to create record 'Vehicle.v_sport1_herrera_outlaw_inline_gear0'. reason: Record already exists
[2023-12-24 19:38:04 UTC+00:00] [11768] Failed to create record 'Vehicle.v_sport1_herrera_outlaw_inline_gear1'. reason: Record already exists
[2023-12-24 19:38:04 UTC+00:00] [11768] Failed to create record 'Vehicle.v_sport1_herrera_outlaw_inline_gear2'. reason: Record already exists
[2023-12-24 19:38:04 UTC+00:00] [11768] Failed to create record 'Vehicle.v_sport1_herrera_outlaw_inline_gear3'. reason: Record already exists
[2023-12-24 19:38:04 UTC+00:00] [11768] Failed to create record 'Vehicle.v_sport1_herrera_outlaw_inline_gear4'. reason: Record already exists
[2023-12-24 19:38:04 UTC+00:00] [11768] Failed to create record 'Vehicle.v_sport1_herrera_outlaw_inline_gear5'. reason: Record already exists
[2023-12-24 19:38:04 UTC+00:00] [11768] Failed to create record 'Vehicle.v_sport1_herrera_outlaw_inline_gear6'. reason: Record already exists
[2023-12-24 19:38:04 UTC+00:00] [11768] Failed to create record 'Vehicle.v_sport1_herrera_outlaw_inline_gear7'. reason: Record already exists
[2023-12-24 19:38:04 UTC+00:00] [11768] Failed to create record 'Vehicle.v_sportbike1_yaiba_kusanagi_inline_gear0'. reason: Record already exists
[2023-12-24 19:38:04 UTC+00:00] [11768] Failed to create record 'Vehicle.v_sportbike1_yaiba_kusanagi_inline_gear1'. reason: Record already exists
[2023-12-24 19:38:04 UTC+00:00] [11768] Failed to create record 'Vehicle.v_sportbike1_yaiba_kusanagi_inline_gear2'. reason: Record already exists
[2023-12-24 19:38:04 UTC+00:00] [11768] Failed to create record 'Vehicle.v_sportbike1_yaiba_kusanagi_inline_gear3'. reason: Record already exists
[2023-12-24 19:38:04 UTC+00:00] [11768] Failed to create record 'Vehicle.v_sportbike1_yaiba_kusanagi_inline_gear4'. reason: Record already exists
[2023-12-24 19:38:04 UTC+00:00] [11768] Failed to create record 'Vehicle.v_sportbike1_yaiba_kusanagi_inline_gear5'. reason: Record already exists
[2023-12-24 19:38:04 UTC+00:00] [11768] Failed to create record 'Vehicle.v_sportbike1_yaiba_kusanagi_inline_gear6'. reason: Record already exists
[2023-12-24 19:38:04 UTC+00:00] [11768] Failed to create record 'Vehicle.v_sportbike1_yaiba_kusanagi_inline_gear7'. reason: Record already exists
[2023-12-24 19:38:04 UTC+00:00] [11768] Failed to create record 'Vehicle.v_standard25_mahir_supron_full_enginedata'. reason: Record already exists
[2023-12-24 19:38:04 UTC+00:00] [11768] Failed to create record 'Vehicle.v_standard25_mahir_supron_full_vehDriveModelData'. reason: Record already exists
[2023-12-24 19:38:04 UTC+00:00] [11768] Failed to create record 'Vehicle.v_standard25_mahir_supron_full_vehDataPackage'. reason: Record already exists
[2023-12-24 19:38:04 UTC+00:00] [11768] Failed to create record 'Vehicle.v_standard25_mahir_supron_full_vehWheelDimensionsSetup'. reason: Record already exists
[2023-12-24 19:38:04 UTC+00:00] [11768] Failed to create record 'Vehicle.v_standard25_mahir_supron_full_vehWheelSetup'. reason: Record already exists
[2023-12-24 19:38:04 UTC+00:00] [11768] Failed to create record 'Vehicle.v_standard25_mahir_supron_full_vehWheelSetupFrontPreset'. reason: Record already exists
[2023-12-24 19:38:04 UTC+00:00] [11768] Failed to create record 'Vehicle.v_standard25_mahir_supron_full_vehWheelSetupRearPreset'. reason: Record already exists
[2023-12-24 19:38:04 UTC+00:00] [11768] Failed to create record 'Vehicle.v_standard25_mahir_supron_inline_gear0'. reason: Record already exists
[2023-12-24 19:38:04 UTC+00:00] [11768] Failed to create record 'Vehicle.v_standard25_mahir_supron_inline_gear1'. reason: Record already exists
[2023-12-24 19:38:04 UTC+00:00] [11768] Failed to create record 'Vehicle.v_standard25_mahir_supron_inline_gear2'. reason: Record already exists
[2023-12-24 19:38:04 UTC+00:00] [11768] Failed to create record 'Vehicle.v_standard25_mahir_supron_inline_gear3'. reason: Record already exists
[2023-12-24 19:38:04 UTC+00:00] [11768] Failed to create record 'Vehicle.v_standard25_mahir_supron_inline_gear4'. reason: Record already exists
[2023-12-24 19:38:04 UTC+00:00] [11768] Failed to create record 'Vehicle.v_standard25_mahir_supron_inline_gear5'. reason: Record already exists
[2023-12-24 19:38:04 UTC+00:00] [11768] Failed to create record 'Vehicle.v_standard25_mahir_supron_inline_gear6'. reason: Record already exists
[2023-12-24 19:38:04 UTC+00:00] [11768] Failed to create record 'Vehicle.v_sport2_mizutani_shion_nomad_full_enginedata'. reason: Record already exists
[2023-12-24 19:38:04 UTC+00:00] [11768] Failed to create record 'Vehicle.v_sport2_mizutani_shion_nomad_full_vehDriveModelData'. reason: Record already exists
[2023-12-24 19:38:04 UTC+00:00] [11768] Failed to create record 'Vehicle.v_sport2_mizutani_shion_nomad_full_vehDataPackage'. reason: Record already exists
[2023-12-24 19:38:04 UTC+00:00] [11768] Failed to create record 'Vehicle.v_sport2_mizutani_shion_nomad_full_vehWheelDimensionsSetup'. reason: Record already exists
[2023-12-24 19:38:04 UTC+00:00] [11768] Failed to create record 'Vehicle.v_sport2_mizutani_shion_nomad_full_vehWheelSetup'. reason: Record already exists
[2023-12-24 19:38:04 UTC+00:00] [11768] Failed to create record 'Vehicle.v_sport2_mizutani_shion_nomad_full_vehWheelSetupFrontPreset'. reason: Record already exists
[2023-12-24 19:38:04 UTC+00:00] [11768] Failed to create record 'Vehicle.v_sport2_mizutani_shion_nomad_full_vehWheelSetupRearPreset'. reason: Record already exists
[2023-12-24 19:38:04 UTC+00:00] [11768] Failed to create record 'Vehicle.v_sport2_mizutani_shion_nomad_inline_gear0'. reason: Record already exists
[2023-12-24 19:38:04 UTC+00:00] [11768] Failed to create record 'Vehicle.v_sport2_mizutani_shion_nomad_inline_gear1'. reason: Record already exists
[2023-12-24 19:38:04 UTC+00:00] [11768] Failed to create record 'Vehicle.v_sport2_mizutani_shion_nomad_inline_gear2'. reason: Record already exists
[2023-12-24 19:38:04 UTC+00:00] [11768] Failed to create record 'Vehicle.v_sport2_mizutani_shion_nomad_inline_gear3'. reason: Record already exists
[2023-12-24 19:38:04 UTC+00:00] [11768] Failed to create record 'Vehicle.v_sport2_mizutani_shion_nomad_inline_gear4'. reason: Record already exists
[2023-12-24 19:38:04 UTC+00:00] [11768] Failed to create record 'Vehicle.v_sport2_mizutani_shion_nomad_inline_gear5'. reason: Record already exists
[2023-12-24 19:38:04 UTC+00:00] [11768] Failed to create record 'Vehicle.v_sport2_mizutani_shion_nomad_inline_gear6'. reason: Record already exists
[2023-12-24 19:38:04 UTC+00:00] [11768] Failed to create record 'Vehicle.v_sport2_mizutani_shion_sport_full_enginedata'. reason: Record already exists
[2023-12-24 19:38:04 UTC+00:00] [11768] Failed to create record 'Vehicle.v_sport2_mizutani_shion_sport_full_vehDriveModelData'. reason: Record already exists
[2023-12-24 19:38:04 UTC+00:00] [11768] Failed to create record 'Vehicle.v_sport2_mizutani_shion_sport_full_vehDataPackage'. reason: Record already exists
[2023-12-24 19:38:04 UTC+00:00] [11768] Failed to create record 'Vehicle.v_sport2_mizutani_shion_sport_full_vehWheelDimensionsSetup'. reason: Record already exists
[2023-12-24 19:38:04 UTC+00:00] [11768] Failed to create record 'Vehicle.v_sport2_mizutani_shion_sport_full_vehWheelSetup'. reason: Record already exists
[2023-12-24 19:38:04 UTC+00:00] [11768] Failed to create record 'Vehicle.v_sport2_mizutani_shion_sport_full_vehWheelSetupFrontPreset'. reason: Record already exists
[2023-12-24 19:38:04 UTC+00:00] [11768] Failed to create record 'Vehicle.v_sport2_mizutani_shion_sport_full_vehWheelSetupRearPreset'. reason: Record already exists
[2023-12-24 19:38:04 UTC+00:00] [11768] Failed to create record 'Vehicle.v_sport2_mizutani_shion_sport_inline_gear0'. reason: Record already exists
[2023-12-24 19:38:04 UTC+00:00] [11768] Failed to create record 'Vehicle.v_sport2_mizutani_shion_sport_inline_gear1'. reason: Record already exists
[2023-12-24 19:38:04 UTC+00:00] [11768] Failed to create record 'Vehicle.v_sport2_mizutani_shion_sport_inline_gear2'. reason: Record already exists
[2023-12-24 19:38:04 UTC+00:00] [11768] Failed to create record 'Vehicle.v_sport2_mizutani_shion_sport_inline_gear3'. reason: Record already exists
[2023-12-24 19:38:04 UTC+00:00] [11768] Failed to create record 'Vehicle.v_sport2_mizutani_shion_sport_inline_gear4'. reason: Record already exists
[2023-12-24 19:38:04 UTC+00:00] [11768] Failed to create record 'Vehicle.v_sport2_mizutani_shion_sport_inline_gear5'. reason: Record already exists
[2023-12-24 19:38:04 UTC+00:00] [11768] Failed to create record 'Vehicle.v_sport2_mizutani_shion_sport_inline_gear6'. reason: Record already exists
[2023-12-24 19:38:04 UTC+00:00] [11768] Failed to create record 'Vehicle.v_sport2_mizutani_shion_sport_inline_gear7'. reason: Record already exists
[2023-12-24 19:38:04 UTC+00:00] [11768] Failed to create record 'Vehicle.v_sport2_porsche_911turbo_full_enginedata'. reason: Record already exists
[2023-12-24 19:38:04 UTC+00:00] [11768] Failed to create record 'Vehicle.v_sport2_porsche_911turbo_full_vehDriveModelData'. reason: Record already exists
[2023-12-24 19:38:04 UTC+00:00] [11768] Failed to create record 'Vehicle.v_sport2_porsche_911turbo_full_vehDataPackage'. reason: Record already exists
[2023-12-24 19:38:04 UTC+00:00] [11768] Failed to create record 'Vehicle.v_sport2_porsche_911turbo_full_vehWheelDimensionsSetup'. reason: Record already exists
[2023-12-24 19:38:04 UTC+00:00] [11768] Failed to create record 'Vehicle.v_sport2_porsche_911turbo_full_vehWheelSetup'. reason: Record already exists
[2023-12-24 19:38:04 UTC+00:00] [11768] Failed to create record 'Vehicle.v_sport2_porsche_911turbo_full_vehWheelSetupFrontPreset'. reason: Record already exists
[2023-12-24 19:38:04 UTC+00:00] [11768] Failed to create record 'Vehicle.v_sport2_porsche_911turbo_full_vehWheelSetupRearPreset'. reason: Record already exists
[2023-12-24 19:38:04 UTC+00:00] [11768] Failed to create record 'Vehicle.v_sport2_porsche_911turbo_inline_gear0'. reason: Record already exists
[2023-12-24 19:38:04 UTC+00:00] [11768] Failed to create record 'Vehicle.v_sport2_porsche_911turbo_inline_gear1'. reason: Record already exists
[2023-12-24 19:38:04 UTC+00:00] [11768] Failed to create record 'Vehicle.v_sport2_porsche_911turbo_inline_gear2'. reason: Record already exists
[2023-12-24 19:38:04 UTC+00:00] [11768] Failed to create record 'Vehicle.v_sport2_porsche_911turbo_inline_gear3'. reason: Record already exists
[2023-12-24 19:38:04 UTC+00:00] [11768] Failed to create record 'Vehicle.v_sport2_porsche_911turbo_inline_gear4'. reason: Record already exists
[2023-12-24 19:38:04 UTC+00:00] [11768] Failed to create record 'Vehicle.v_sport2_porsche_911turbo_inline_gear5'. reason: Record already exists
[2023-12-24 19:38:04 UTC+00:00] [11768] Failed to create record 'Vehicle.v_sport2_porsche_911turbo_inline_gear6'. reason: Record already exists
[2023-12-24 19:38:04 UTC+00:00] [11768] Failed to create record 'Vehicle.v_sport2_porsche_911turbo_inline_gear7'. reason: Record already exists
[2023-12-24 19:38:04 UTC+00:00] [11768] Failed to create record 'Vehicle.v_sport1_quadra_turbo_r_full_enginedata'. reason: Record already exists
[2023-12-24 19:38:04 UTC+00:00] [11768] Failed to create record 'Vehicle.v_sport1_quadra_turbo_r_full_vehDriveModelData'. reason: Record already exists
[2023-12-24 19:38:04 UTC+00:00] [11768] Failed to create record 'Vehicle.v_sport1_quadra_turbo_r_full_vehDataPackage'. reason: Record already exists
[2023-12-24 19:38:04 UTC+00:00] [11768] Failed to create record 'Vehicle.v_sport1_quadra_turbo_r_full_vehWheelDimensionsSetup'. reason: Record already exists
[2023-12-24 19:38:04 UTC+00:00] [11768] Failed to create record 'Vehicle.v_sport1_quadra_turbo_r_full_vehWheelSetup'. reason: Record already exists
[2023-12-24 19:38:04 UTC+00:00] [11768] Failed to create record 'Vehicle.v_sport1_quadra_turbo_r_full_vehWheelSetupFrontPreset'. reason: Record already exists
[2023-12-24 19:38:04 UTC+00:00] [11768] Failed to create record 'Vehicle.v_sport1_quadra_turbo_r_full_vehWheelSetupRearPreset'. reason: Record already exists
[2023-12-24 19:38:04 UTC+00:00] [11768] Failed to create record 'Vehicle.v_sport1_quadra_turbo_r_inline_gear0'. reason: Record already exists
[2023-12-24 19:38:04 UTC+00:00] [11768] Failed to create record 'Vehicle.v_sport1_quadra_turbo_r_inline_gear1'. reason: Record already exists
[2023-12-24 19:38:04 UTC+00:00] [11768] Failed to create record 'Vehicle.v_sport1_quadra_turbo_r_inline_gear2'. reason: Record already exists
[2023-12-24 19:38:04 UTC+00:00] [11768] Failed to create record 'Vehicle.v_sport1_quadra_turbo_r_inline_gear3'. reason: Record already exists
[2023-12-24 19:38:04 UTC+00:00] [11768] Failed to create record 'Vehicle.v_sport1_quadra_turbo_r_inline_gear4'. reason: Record already exists
[2023-12-24 19:38:04 UTC+00:00] [11768] Failed to create record 'Vehicle.v_sport1_quadra_turbo_r_inline_gear5'. reason: Record already exists
[2023-12-24 19:38:04 UTC+00:00] [11768] Failed to create record 'Vehicle.v_sport1_quadra_turbo_r_inline_gear6'. reason: Record already exists
[2023-12-24 19:38:04 UTC+00:00] [11768] Failed to create record 'Vehicle.v_sport1_quadra_turbo_r_inline_gear7'. reason: Record already exists
[2023-12-24 19:38:04 UTC+00:00] [11768] Failed to create record 'Vehicle.v_sport1_quadra_turbo_full_enginedata'. reason: Record already exists
[2023-12-24 19:38:04 UTC+00:00] [11768] Failed to create record 'Vehicle.v_sport1_quadra_turbo_full_vehDriveModelData'. reason: Record already exists
[2023-12-24 19:38:04 UTC+00:00] [11768] Failed to create record 'Vehicle.v_sport1_quadra_turbo_full_vehDataPackage'. reason: Record already exists
[2023-12-24 19:38:04 UTC+00:00] [11768] Failed to create record 'Vehicle.v_sport1_quadra_turbo_full_vehWheelDimensionsSetup'. reason: Record already exists
[2023-12-24 19:38:04 UTC+00:00] [11768] Failed to create record 'Vehicle.v_sport1_quadra_turbo_full_vehWheelSetup'. reason: Record already exists
[2023-12-24 19:38:04 UTC+00:00] [11768] Failed to create record 'Vehicle.v_sport1_quadra_turbo_full_vehWheelSetupFrontPreset'. reason: Record already exists
[2023-12-24 19:38:04 UTC+00:00] [11768] Failed to create record 'Vehicle.v_sport1_quadra_turbo_full_vehWheelSetupRearPreset'. reason: Record already exists
[2023-12-24 19:38:04 UTC+00:00] [11768] Failed to create record 'Vehicle.v_sport1_quadra_turbo_inline_gear0'. reason: Record already exists
[2023-12-24 19:38:04 UTC+00:00] [11768] Failed to create record 'Vehicle.v_sport1_quadra_turbo_inline_gear1'. reason: Record already exists
[2023-12-24 19:38:04 UTC+00:00] [11768] Failed to create record 'Vehicle.v_sport1_quadra_turbo_inline_gear2'. reason: Record already exists
[2023-12-24 19:38:04 UTC+00:00] [11768] Failed to create record 'Vehicle.v_sport1_quadra_turbo_inline_gear3'. reason: Record already exists
[2023-12-24 19:38:04 UTC+00:00] [11768] Failed to create record 'Vehicle.v_sport1_quadra_turbo_inline_gear4'. reason: Record already exists
[2023-12-24 19:38:04 UTC+00:00] [11768] Failed to create record 'Vehicle.v_sport1_quadra_turbo_inline_gear5'. reason: Record already exists
[2023-12-24 19:38:04 UTC+00:00] [11768] Failed to create record 'Vehicle.v_sport1_quadra_turbo_inline_gear6'. reason: Record already exists
[2023-12-24 19:38:04 UTC+00:00] [11768] Failed to create record 'Vehicle.v_sport1_quadra_turbo_inline_gear7'. reason: Record already exists
[2023-12-24 19:38:04 UTC+00:00] [11768] Failed to create record 'Vehicle.v_sport2_quadra_type66_avenger_full_enginedata'. reason: Record already exists
[2023-12-24 19:38:04 UTC+00:00] [11768] Failed to create record 'Vehicle.v_sport2_quadra_type66_avenger_full_vehDriveModelData'. reason: Record already exists
[2023-12-24 19:38:04 UTC+00:00] [11768] Failed to create record 'Vehicle.v_sport2_quadra_type66_avenger_full_vehDataPackage'. reason: Record already exists
[2023-12-24 19:38:04 UTC+00:00] [11768] Failed to create record 'Vehicle.v_sport2_quadra_type66_avenger_full_vehWheelDimensionsSetup'. reason: Record already exists
[2023-12-24 19:38:04 UTC+00:00] [11768] Failed to create record 'Vehicle.v_sport2_quadra_type66_avenger_full_vehWheelSetup'. reason: Record already exists
[2023-12-24 19:38:04 UTC+00:00] [11768] Failed to create record 'Vehicle.v_sport2_quadra_type66_avenger_full_vehWheelSetupFrontPreset'. reason: Record already exists
[2023-12-24 19:38:04 UTC+00:00] [11768] Failed to create record 'Vehicle.v_sport2_quadra_type66_avenger_full_vehWheelSetupRearPreset'. reason: Record already exists
[2023-12-24 19:38:04 UTC+00:00] [11768] Failed to create record 'Vehicle.v_sport2_quadra_type66_avenger_inline_gear0'. reason: Record already exists
[2023-12-24 19:38:04 UTC+00:00] [11768] Failed to create record 'Vehicle.v_sport2_quadra_type66_avenger_inline_gear1'. reason: Record already exists
[2023-12-24 19:38:04 UTC+00:00] [11768] Failed to create record 'Vehicle.v_sport2_quadra_type66_avenger_inline_gear2'. reason: Record already exists
[2023-12-24 19:38:04 UTC+00:00] [11768] Failed to create record 'Vehicle.v_sport2_quadra_type66_avenger_inline_gear3'. reason: Record already exists
[2023-12-24 19:38:04 UTC+00:00] [11768] Failed to create record 'Vehicle.v_sport2_quadra_type66_avenger_inline_gear4'. reason: Record already exists
[2023-12-24 19:38:04 UTC+00:00] [11768] Failed to create record 'Vehicle.v_sport2_quadra_type66_avenger_inline_gear5'. reason: Record already exists
[2023-12-24 19:38:04 UTC+00:00] [11768] Failed to create record 'Vehicle.v_sport2_quadra_type66_avenger_inline_gear6'. reason: Record already exists
[2023-12-24 19:38:04 UTC+00:00] [11768] Failed to create record 'Vehicle.v_sport2_quadra_type66_avenger_inline_gear7'. reason: Record already exists
[2023-12-24 19:38:04 UTC+00:00] [11768] Failed to create record 'Vehicle.v_sport2_quadra_type66_nomad_ncu_player_full_enginedata'. reason: Record already exists
[2023-12-24 19:38:04 UTC+00:00] [11768] Failed to create record 'Vehicle.v_sport2_quadra_type66_nomad_ncu_player_full_vehDriveModelData'. reason: Record already exists
[2023-12-24 19:38:04 UTC+00:00] [11768] Failed to create record 'Vehicle.v_sport2_quadra_type66_nomad_ncu_player_full_vehDataPackage'. reason: Record already exists
[2023-12-24 19:38:04 UTC+00:00] [11768] Failed to create record 'Vehicle.v_sport2_quadra_type66_nomad_ncu_player_full_vehWheelDimensionsSetup'. reason: Record already exists
[2023-12-24 19:38:04 UTC+00:00] [11768] Failed to create record 'Vehicle.v_sport2_quadra_type66_nomad_ncu_player_full_vehWheelSetup'. reason: Record already exists
[2023-12-24 19:38:04 UTC+00:00] [11768] Failed to create record 'Vehicle.v_sport2_quadra_type66_nomad_ncu_player_full_vehWheelSetupFrontPreset'. reason: Record already exists
[2023-12-24 19:38:04 UTC+00:00] [11768] Failed to create record 'Vehicle.v_sport2_quadra_type66_nomad_ncu_player_full_vehWheelSetupRearPreset'. reason: Record already exists
[2023-12-24 19:38:04 UTC+00:00] [11768] Failed to create record 'Vehicle.v_sport2_quadra_type66_nomad_ncu_player_inline_gear0'. reason: Record already exists
[2023-12-24 19:38:04 UTC+00:00] [11768] Failed to create record 'Vehicle.v_sport2_quadra_type66_nomad_ncu_player_inline_gear1'. reason: Record already exists
[2023-12-24 19:38:04 UTC+00:00] [11768] Failed to create record 'Vehicle.v_sport2_quadra_type66_nomad_ncu_player_inline_gear2'. reason: Record already exists
[2023-12-24 19:38:04 UTC+00:00] [11768] Failed to create record 'Vehicle.v_sport2_quadra_type66_nomad_ncu_player_inline_gear3'. reason: Record already exists
[2023-12-24 19:38:04 UTC+00:00] [11768] Failed to create record 'Vehicle.v_sport2_quadra_type66_nomad_ncu_player_inline_gear4'. reason: Record already exists
[2023-12-24 19:38:04 UTC+00:00] [11768] Failed to create record 'Vehicle.v_sport2_quadra_type66_nomad_ncu_player_inline_gear5'. reason: Record already exists
[2023-12-24 19:38:04 UTC+00:00] [11768] Failed to create record 'Vehicle.v_sport2_quadra_type66_nomad_ncu_player_inline_gear6'. reason: Record already exists
[2023-12-24 19:38:04 UTC+00:00] [11768] Failed to create record 'Vehicle.v_sport2_quadra_type66_nomad_ncu_player_inline_gear7'. reason: Record already exists
[2023-12-24 19:38:04 UTC+00:00] [11768] Failed to create record 'Vehicle.v_sport2_quadra_type66_nomad_full_enginedata'. reason: Record already exists
[2023-12-24 19:38:04 UTC+00:00] [11768] Failed to create record 'Vehicle.v_sport2_quadra_type66_nomad_full_vehDriveModelData'. reason: Record already exists
[2023-12-24 19:38:04 UTC+00:00] [11768] Failed to create record 'Vehicle.v_sport2_quadra_type66_nomad_full_vehDataPackage'. reason: Record already exists
[2023-12-24 19:38:04 UTC+00:00] [11768] Failed to create record 'Vehicle.v_sport2_quadra_type66_nomad_full_vehWheelDimensionsSetup'. reason: Record already exists
[2023-12-24 19:38:04 UTC+00:00] [11768] Failed to create record 'Vehicle.v_sport2_quadra_type66_nomad_full_vehWheelSetup'. reason: Record already exists
[2023-12-24 19:38:04 UTC+00:00] [11768] Failed to create record 'Vehicle.v_sport2_quadra_type66_nomad_full_vehWheelSetupFrontPreset'. reason: Record already exists
[2023-12-24 19:38:04 UTC+00:00] [11768] Failed to create record 'Vehicle.v_sport2_quadra_type66_nomad_full_vehWheelSetupRearPreset'. reason: Record already exists
[2023-12-24 19:38:04 UTC+00:00] [11768] Failed to create record 'Vehicle.v_sport2_quadra_type66_nomad_inline_gear0'. reason: Record already exists
[2023-12-24 19:38:04 UTC+00:00] [11768] Failed to create record 'Vehicle.v_sport2_quadra_type66_nomad_inline_gear1'. reason: Record already exists
[2023-12-24 19:38:04 UTC+00:00] [11768] Failed to create record 'Vehicle.v_sport2_quadra_type66_nomad_inline_gear2'. reason: Record already exists
[2023-12-24 19:38:04 UTC+00:00] [11768] Failed to create record 'Vehicle.v_sport2_quadra_type66_nomad_inline_gear3'. reason: Record already exists
[2023-12-24 19:38:04 UTC+00:00] [11768] Failed to create record 'Vehicle.v_sport2_quadra_type66_nomad_inline_gear4'. reason: Record already exists
[2023-12-24 19:38:04 UTC+00:00] [11768] Failed to create record 'Vehicle.v_sport2_quadra_type66_nomad_inline_gear5'. reason: Record already exists
[2023-12-24 19:38:04 UTC+00:00] [11768] Failed to create record 'Vehicle.v_sport2_quadra_type66_nomad_inline_gear6'. reason: Record already exists
[2023-12-24 19:38:04 UTC+00:00] [11768] Failed to create record 'Vehicle.v_sport2_quadra_type66_nomad_inline_gear7'. reason: Record already exists
[2023-12-24 19:38:04 UTC+00:00] [11768] Failed to create record 'Vehicle.v_sport2_quadra_type66_full_enginedata'. reason: Record already exists
[2023-12-24 19:38:04 UTC+00:00] [11768] Failed to create record 'Vehicle.v_sport2_quadra_type66_full_vehDriveModelData'. reason: Record already exists
[2023-12-24 19:38:04 UTC+00:00] [11768] Failed to create record 'Vehicle.v_sport2_quadra_type66_full_vehDataPackage'. reason: Record already exists
[2023-12-24 19:38:04 UTC+00:00] [11768] Failed to create record 'Vehicle.v_sport2_quadra_type66_full_vehWheelDimensionsSetup'. reason: Record already exists
[2023-12-24 19:38:04 UTC+00:00] [11768] Failed to create record 'Vehicle.v_sport2_quadra_type66_full_vehWheelSetup'. reason: Record already exists
[2023-12-24 19:38:04 UTC+00:00] [11768] Failed to create record 'Vehicle.v_sport2_quadra_type66_full_vehWheelSetupFrontPreset'. reason: Record already exists
[2023-12-24 19:38:04 UTC+00:00] [11768] Failed to create record 'Vehicle.v_sport2_quadra_type66_full_vehWheelSetupRearPreset'. reason: Record already exists
[2023-12-24 19:38:04 UTC+00:00] [11768] Failed to create record 'Vehicle.v_sport2_quadra_type66_inline_gear0'. reason: Record already exists
[2023-12-24 19:38:04 UTC+00:00] [11768] Failed to create record 'Vehicle.v_sport2_quadra_type66_inline_gear1'. reason: Record already exists
[2023-12-24 19:38:04 UTC+00:00] [11768] Failed to create record 'Vehicle.v_sport2_quadra_type66_inline_gear2'. reason: Record already exists
[2023-12-24 19:38:04 UTC+00:00] [11768] Failed to create record 'Vehicle.v_sport2_quadra_type66_inline_gear3'. reason: Record already exists
[2023-12-24 19:38:04 UTC+00:00] [11768] Failed to create record 'Vehicle.v_sport2_quadra_type66_inline_gear4'. reason: Record already exists
[2023-12-24 19:38:04 UTC+00:00] [11768] Failed to create record 'Vehicle.v_sport2_quadra_type66_inline_gear5'. reason: Record already exists
[2023-12-24 19:38:04 UTC+00:00] [11768] Failed to create record 'Vehicle.v_sport2_quadra_type66_inline_gear6'. reason: Record already exists
[2023-12-24 19:38:04 UTC+00:00] [11768] Failed to create record 'Vehicle.v_sport2_quadra_type66_inline_gear7'. reason: Record already exists
[2023-12-24 19:38:04 UTC+00:00] [11768] Failed to create record 'Vehicle.v_sport1_rayfield_aerondight_full_enginedata'. reason: Record already exists
[2023-12-24 19:38:04 UTC+00:00] [11768] Failed to create record 'Vehicle.v_sport1_rayfield_aerondight_full_vehDriveModelData'. reason: Record already exists
[2023-12-24 19:38:04 UTC+00:00] [11768] Failed to create record 'Vehicle.v_sport1_rayfield_aerondight_full_vehDataPackage'. reason: Record already exists
[2023-12-24 19:38:04 UTC+00:00] [11768] Failed to create record 'Vehicle.v_sport1_rayfield_aerondight_full_vehWheelDimensionsSetup'. reason: Record already exists
[2023-12-24 19:38:04 UTC+00:00] [11768] Failed to create record 'Vehicle.v_sport1_rayfield_aerondight_full_vehWheelSetup'. reason: Record already exists
[2023-12-24 19:38:04 UTC+00:00] [11768] Failed to create record 'Vehicle.v_sport1_rayfield_aerondight_full_vehWheelSetupFrontPreset'. reason: Record already exists
[2023-12-24 19:38:04 UTC+00:00] [11768] Failed to create record 'Vehicle.v_sport1_rayfield_aerondight_full_vehWheelSetupRearPreset'. reason: Record already exists
[2023-12-24 19:38:04 UTC+00:00] [11768] Failed to create record 'Vehicle.v_sport1_rayfield_aerondight_inline_gear0'. reason: Record already exists
[2023-12-24 19:38:04 UTC+00:00] [11768] Failed to create record 'Vehicle.v_sport1_rayfield_aerondight_inline_gear1'. reason: Record already exists
[2023-12-24 19:38:04 UTC+00:00] [11768] Failed to create record 'Vehicle.v_sport1_rayfield_aerondight_inline_gear2'. reason: Record already exists
[2023-12-24 19:38:04 UTC+00:00] [11768] Failed to create record 'Vehicle.v_sport1_rayfield_aerondight_inline_gear3'. reason: Record already exists
[2023-12-24 19:38:04 UTC+00:00] [11768] Failed to create record 'Vehicle.v_sport1_rayfield_aerondight_inline_gear4'. reason: Record already exists
[2023-12-24 19:38:04 UTC+00:00] [11768] Failed to create record 'Vehicle.v_sport1_rayfield_aerondight_inline_gear5'. reason: Record already exists
[2023-12-24 19:38:04 UTC+00:00] [11768] Failed to create record 'Vehicle.v_sport1_rayfield_aerondight_inline_gear6'. reason: Record already exists
[2023-12-24 19:38:04 UTC+00:00] [11768] Failed to create record 'Vehicle.v_sport1_rayfield_aerondight_inline_gear7'. reason: Record already exists
[2023-12-24 19:38:04 UTC+00:00] [11768] Failed to create record 'Vehicle.v_sport1_rayfield_caliburn_full_enginedata'. reason: Record already exists
[2023-12-24 19:38:04 UTC+00:00] [11768] Failed to create record 'Vehicle.v_sport1_rayfield_caliburn_full_vehDriveModelData'. reason: Record already exists
[2023-12-24 19:38:04 UTC+00:00] [11768] Failed to create record 'Vehicle.v_sport1_rayfield_caliburn_full_vehDataPackage'. reason: Record already exists
[2023-12-24 19:38:04 UTC+00:00] [11768] Failed to create record 'Vehicle.v_sport1_rayfield_caliburn_full_vehWheelDimensionsSetup'. reason: Record already exists
[2023-12-24 19:38:04 UTC+00:00] [11768] Failed to create record 'Vehicle.v_sport1_rayfield_caliburn_full_vehWheelSetup'. reason: Record already exists
[2023-12-24 19:38:04 UTC+00:00] [11768] Failed to create record 'Vehicle.v_sport1_rayfield_caliburn_full_vehWheelSetupFrontPreset'. reason: Record already exists
[2023-12-24 19:38:04 UTC+00:00] [11768] Failed to create record 'Vehicle.v_sport1_rayfield_caliburn_full_vehWheelSetupRearPreset'. reason: Record already exists
[2023-12-24 19:38:04 UTC+00:00] [11768] Failed to create record 'Vehicle.v_sport1_rayfield_caliburn_inline_gear0'. reason: Record already exists
[2023-12-24 19:38:04 UTC+00:00] [11768] Failed to create record 'Vehicle.v_sport1_rayfield_caliburn_inline_gear1'. reason: Record already exists
[2023-12-24 19:38:04 UTC+00:00] [11768] Failed to create record 'Vehicle.v_sport1_rayfield_caliburn_inline_gear2'. reason: Record already exists
[2023-12-24 19:38:04 UTC+00:00] [11768] Failed to create record 'Vehicle.v_sport1_rayfield_caliburn_inline_gear3'. reason: Record already exists
[2023-12-24 19:38:04 UTC+00:00] [11768] Failed to create record 'Vehicle.v_sport1_rayfield_caliburn_inline_gear4'. reason: Record already exists
[2023-12-24 19:38:04 UTC+00:00] [11768] Failed to create record 'Vehicle.v_sport1_rayfield_caliburn_inline_gear5'. reason: Record already exists
[2023-12-24 19:38:04 UTC+00:00] [11768] Failed to create record 'Vehicle.v_sport1_rayfield_caliburn_inline_gear6'. reason: Record already exists
[2023-12-24 19:38:04 UTC+00:00] [11768] Failed to create record 'Vehicle.v_sport1_rayfield_caliburn_inline_gear7'. reason: Record already exists
[2023-12-24 19:38:04 UTC+00:00] [11768] Failed to create record 'Vehicle.v_standard2_thorton_colby_gt_full_enginedata'. reason: Record already exists
[2023-12-24 19:38:04 UTC+00:00] [11768] Failed to create record 'Vehicle.v_standard2_thorton_colby_gt_full_vehDriveModelData'. reason: Record already exists
[2023-12-24 19:38:04 UTC+00:00] [11768] Failed to create record 'Vehicle.v_standard2_thorton_colby_gt_full_vehDataPackage'. reason: Record already exists
[2023-12-24 19:38:04 UTC+00:00] [11768] Failed to create record 'Vehicle.v_standard2_thorton_colby_gt_full_vehWheelDimensionsSetup'. reason: Record already exists
[2023-12-24 19:38:04 UTC+00:00] [11768] Failed to create record 'Vehicle.v_standard2_thorton_colby_gt_full_vehWheelSetup'. reason: Record already exists
[2023-12-24 19:38:04 UTC+00:00] [11768] Failed to create record 'Vehicle.v_standard2_thorton_colby_gt_full_vehWheelSetupFrontPreset'. reason: Record already exists
[2023-12-24 19:38:04 UTC+00:00] [11768] Failed to create record 'Vehicle.v_standard2_thorton_colby_gt_full_vehWheelSetupRearPreset'. reason: Record already exists
[2023-12-24 19:38:04 UTC+00:00] [11768] Failed to create record 'Vehicle.v_standard2_thorton_colby_gt_inline_gear0'. reason: Record already exists
[2023-12-24 19:38:04 UTC+00:00] [11768] Failed to create record 'Vehicle.v_standard2_thorton_colby_gt_inline_gear1'. reason: Record already exists
[2023-12-24 19:38:04 UTC+00:00] [11768] Failed to create record 'Vehicle.v_standard2_thorton_colby_gt_inline_gear2'. reason: Record already exists
[2023-12-24 19:38:04 UTC+00:00] [11768] Failed to create record 'Vehicle.v_standard2_thorton_colby_gt_inline_gear3'. reason: Record already exists
[2023-12-24 19:38:04 UTC+00:00] [11768] Failed to create record 'Vehicle.v_standard2_thorton_colby_gt_inline_gear4'. reason: Record already exists
[2023-12-24 19:38:04 UTC+00:00] [11768] Failed to create record 'Vehicle.v_standard2_thorton_colby_gt_inline_gear5'. reason: Record already exists
[2023-12-24 19:38:04 UTC+00:00] [11768] Failed to create record 'Vehicle.v_standard2_thorton_colby_gt_inline_gear6'. reason: Record already exists
[2023-12-24 19:38:04 UTC+00:00] [11768] Failed to create record 'Vehicle.v_standard2_thorton_galena_nomad_full_enginedata'. reason: Record already exists
[2023-12-24 19:38:04 UTC+00:00] [11768] Failed to create record 'Vehicle.v_standard2_thorton_galena_nomad_full_vehDriveModelData'. reason: Record already exists
[2023-12-24 19:38:04 UTC+00:00] [11768] Failed to create record 'Vehicle.v_standard2_thorton_galena_nomad_full_vehDataPackage'. reason: Record already exists
[2023-12-24 19:38:04 UTC+00:00] [11768] Failed to create record 'Vehicle.v_standard2_thorton_galena_nomad_full_vehWheelDimensionsSetup'. reason: Record already exists
[2023-12-24 19:38:04 UTC+00:00] [11768] Failed to create record 'Vehicle.v_standard2_thorton_galena_nomad_full_vehWheelSetup'. reason: Record already exists
[2023-12-24 19:38:04 UTC+00:00] [11768] Failed to create record 'Vehicle.v_standard2_thorton_galena_nomad_full_vehWheelSetupFrontPreset'. reason: Record already exists
[2023-12-24 19:38:04 UTC+00:00] [11768] Failed to create record 'Vehicle.v_standard2_thorton_galena_nomad_full_vehWheelSetupRearPreset'. reason: Record already exists
[2023-12-24 19:38:04 UTC+00:00] [11768] Failed to create record 'Vehicle.v_standard2_thorton_galena_nomad_inline_gear0'. reason: Record already exists
[2023-12-24 19:38:04 UTC+00:00] [11768] Failed to create record 'Vehicle.v_standard2_thorton_galena_nomad_inline_gear1'. reason: Record already exists
[2023-12-24 19:38:04 UTC+00:00] [11768] Failed to create record 'Vehicle.v_standard2_thorton_galena_nomad_inline_gear2'. reason: Record already exists
[2023-12-24 19:38:04 UTC+00:00] [11768] Failed to create record 'Vehicle.v_standard2_thorton_galena_nomad_inline_gear3'. reason: Record already exists
[2023-12-24 19:38:04 UTC+00:00] [11768] Failed to create record 'Vehicle.v_standard2_thorton_galena_nomad_inline_gear4'. reason: Record already exists
[2023-12-24 19:38:04 UTC+00:00] [11768] Failed to create record 'Vehicle.v_standard2_thorton_galena_nomad_inline_gear5'. reason: Record already exists
[2023-12-24 19:38:04 UTC+00:00] [11768] Failed to create record 'Vehicle.v_standard2_thorton_galena_nomad_inline_gear6'. reason: Record already exists
[2023-12-24 19:38:04 UTC+00:00] [11768] Failed to create record 'Vehicle.v_standard2_thorton_galena_nomad_inline_gear7'. reason: Record already exists
[2023-12-24 19:38:04 UTC+00:00] [11768] Failed to create record 'Vehicle.v_standard2_thorton_galena_gt_full_enginedata'. reason: Record already exists
[2023-12-24 19:38:04 UTC+00:00] [11768] Failed to create record 'Vehicle.v_standard2_thorton_galena_gt_full_vehDriveModelData'. reason: Record already exists
[2023-12-24 19:38:04 UTC+00:00] [11768] Failed to create record 'Vehicle.v_standard2_thorton_galena_gt_full_vehDataPackage'. reason: Record already exists
[2023-12-24 19:38:04 UTC+00:00] [11768] Failed to create record 'Vehicle.v_standard2_thorton_galena_gt_full_vehWheelDimensionsSetup'. reason: Record already exists
[2023-12-24 19:38:04 UTC+00:00] [11768] Failed to create record 'Vehicle.v_standard2_thorton_galena_gt_full_vehWheelSetup'. reason: Record already exists
[2023-12-24 19:38:04 UTC+00:00] [11768] Failed to create record 'Vehicle.v_standard2_thorton_galena_gt_full_vehWheelSetupFrontPreset'. reason: Record already exists
[2023-12-24 19:38:04 UTC+00:00] [11768] Failed to create record 'Vehicle.v_standard2_thorton_galena_gt_full_vehWheelSetupRearPreset'. reason: Record already exists
[2023-12-24 19:38:04 UTC+00:00] [11768] Failed to create record 'Vehicle.v_standard2_thorton_galena_gt_inline_gear0'. reason: Record already exists
[2023-12-24 19:38:04 UTC+00:00] [11768] Failed to create record 'Vehicle.v_standard2_thorton_galena_gt_inline_gear1'. reason: Record already exists
[2023-12-24 19:38:04 UTC+00:00] [11768] Failed to create record 'Vehicle.v_standard2_thorton_galena_gt_inline_gear2'. reason: Record already exists
[2023-12-24 19:38:04 UTC+00:00] [11768] Failed to create record 'Vehicle.v_standard2_thorton_galena_gt_inline_gear3'. reason: Record already exists
[2023-12-24 19:38:04 UTC+00:00] [11768] Failed to create record 'Vehicle.v_standard2_thorton_galena_gt_inline_gear4'. reason: Record already exists
[2023-12-24 19:38:04 UTC+00:00] [11768] Failed to create record 'Vehicle.v_standard2_thorton_galena_gt_inline_gear5'. reason: Record already exists
[2023-12-24 19:38:04 UTC+00:00] [11768] Failed to create record 'Vehicle.v_standard2_thorton_galena_gt_inline_gear6'. reason: Record already exists
[2023-12-24 19:38:04 UTC+00:00] [11768] Failed to create record 'Vehicle.v_standard3_thorton_mackinaw_full_enginedata'. reason: Record already exists
[2023-12-24 19:38:04 UTC+00:00] [11768] Failed to create record 'Vehicle.v_standard3_thorton_mackinaw_full_vehDriveModelData'. reason: Record already exists
[2023-12-24 19:38:04 UTC+00:00] [11768] Failed to create record 'Vehicle.v_standard3_thorton_mackinaw_full_vehDataPackage'. reason: Record already exists
[2023-12-24 19:38:04 UTC+00:00] [11768] Failed to create record 'Vehicle.v_standard3_thorton_mackinaw_full_vehWheelDimensionsSetup'. reason: Record already exists
[2023-12-24 19:38:04 UTC+00:00] [11768] Failed to create record 'Vehicle.v_standard3_thorton_mackinaw_full_vehWheelSetup'. reason: Record already exists
[2023-12-24 19:38:04 UTC+00:00] [11768] Failed to create record 'Vehicle.v_standard3_thorton_mackinaw_full_vehWheelSetupFrontPreset'. reason: Record already exists
[2023-12-24 19:38:04 UTC+00:00] [11768] Failed to create record 'Vehicle.v_standard3_thorton_mackinaw_full_vehWheelSetupRearPreset'. reason: Record already exists
[2023-12-24 19:38:04 UTC+00:00] [11768] Failed to create record 'Vehicle.v_standard3_thorton_mackinaw_inline_gear0'. reason: Record already exists
[2023-12-24 19:38:04 UTC+00:00] [11768] Failed to create record 'Vehicle.v_standard3_thorton_mackinaw_inline_gear1'. reason: Record already exists
[2023-12-24 19:38:04 UTC+00:00] [11768] Failed to create record 'Vehicle.v_standard3_thorton_mackinaw_inline_gear2'. reason: Record already exists
[2023-12-24 19:38:04 UTC+00:00] [11768] Failed to create record 'Vehicle.v_standard3_thorton_mackinaw_inline_gear3'. reason: Record already exists
[2023-12-24 19:38:04 UTC+00:00] [11768] Failed to create record 'Vehicle.v_standard3_thorton_mackinaw_inline_gear4'. reason: Record already exists
[2023-12-24 19:38:04 UTC+00:00] [11768] Failed to create record 'Vehicle.v_standard3_thorton_mackinaw_inline_gear5'. reason: Record already exists
[2023-12-24 19:38:04 UTC+00:00] [11768] Failed to create record 'Vehicle.v_standard3_thorton_mackinaw_inline_gear6'. reason: Record already exists
[2023-12-24 19:38:04 UTC+00:00] [11768] Failed to create record 'Vehicle.v_standard3_thorton_mackinaw_nomad_panam_full_enginedata'. reason: Record already exists
[2023-12-24 19:38:04 UTC+00:00] [11768] Failed to create record 'Vehicle.v_standard3_thorton_mackinaw_nomad_panam_full_vehDriveModelData'. reason: Record already exists
[2023-12-24 19:38:04 UTC+00:00] [11768] Failed to create record 'Vehicle.v_standard3_thorton_mackinaw_nomad_panam_full_vehDataPackage'. reason: Record already exists
[2023-12-24 19:38:04 UTC+00:00] [11768] Failed to create record 'Vehicle.v_standard3_thorton_mackinaw_nomad_panam_full_vehWheelDimensionsSetup'. reason: Record already exists
[2023-12-24 19:38:04 UTC+00:00] [11768] Failed to create record 'Vehicle.v_standard3_thorton_mackinaw_nomad_panam_full_vehWheelSetup'. reason: Record already exists
[2023-12-24 19:38:04 UTC+00:00] [11768] Failed to create record 'Vehicle.v_standard3_thorton_mackinaw_nomad_panam_full_vehWheelSetupFrontPreset'. reason: Record already exists
[2023-12-24 19:38:04 UTC+00:00] [11768] Failed to create record 'Vehicle.v_standard3_thorton_mackinaw_nomad_panam_full_vehWheelSetupRearPreset'. reason: Record already exists
[2023-12-24 19:38:04 UTC+00:00] [11768] Failed to create record 'Vehicle.v_standard3_thorton_mackinaw_nomad_panam_inline_gear0'. reason: Record already exists
[2023-12-24 19:38:04 UTC+00:00] [11768] Failed to create record 'Vehicle.v_standard3_thorton_mackinaw_nomad_panam_inline_gear1'. reason: Record already exists
[2023-12-24 19:38:04 UTC+00:00] [11768] Failed to create record 'Vehicle.v_standard3_thorton_mackinaw_nomad_panam_inline_gear2'. reason: Record already exists
[2023-12-24 19:38:04 UTC+00:00] [11768] Failed to create record 'Vehicle.v_standard3_thorton_mackinaw_nomad_panam_inline_gear3'. reason: Record already exists
[2023-12-24 19:38:04 UTC+00:00] [11768] Failed to create record 'Vehicle.v_standard3_thorton_mackinaw_nomad_panam_inline_gear4'. reason: Record already exists
[2023-12-24 19:38:04 UTC+00:00] [11768] Failed to create record 'Vehicle.v_standard3_thorton_mackinaw_nomad_panam_inline_gear5'. reason: Record already exists
[2023-12-24 19:38:04 UTC+00:00] [11768] Failed to create record 'Vehicle.v_standard3_thorton_mackinaw_nomad_panam_inline_gear6'. reason: Record already exists
[2023-12-24 19:38:04 UTC+00:00] [11768] Failed to create record 'Vehicle.v_standard3_thorton_mackinaw_nomad_panam_inline_gear7'. reason: Record already exists
[2023-12-24 19:38:04 UTC+00:00] [11768] Failed to create record 'Vehicle.v_standard3_thorton_mackinaw_nomad_panam_full_enginedata'. reason: Record already exists
[2023-12-24 19:38:04 UTC+00:00] [11768] Failed to create record 'Vehicle.v_standard3_thorton_mackinaw_nomad_panam_full_vehDriveModelData'. reason: Record already exists
[2023-12-24 19:38:04 UTC+00:00] [11768] Failed to create record 'Vehicle.v_standard3_thorton_mackinaw_nomad_panam_full_vehDataPackage'. reason: Record already exists
[2023-12-24 19:38:04 UTC+00:00] [11768] Failed to create record 'Vehicle.v_standard3_thorton_mackinaw_nomad_panam_full_vehWheelDimensionsSetup'. reason: Record already exists
[2023-12-24 19:38:04 UTC+00:00] [11768] Failed to create record 'Vehicle.v_standard3_thorton_mackinaw_nomad_panam_full_vehWheelSetup'. reason: Record already exists
[2023-12-24 19:38:04 UTC+00:00] [11768] Failed to create record 'Vehicle.v_standard3_thorton_mackinaw_nomad_panam_full_vehWheelSetupFrontPreset'. reason: Record already exists
[2023-12-24 19:38:04 UTC+00:00] [11768] Failed to create record 'Vehicle.v_standard3_thorton_mackinaw_nomad_panam_full_vehWheelSetupRearPreset'. reason: Record already exists
[2023-12-24 19:38:04 UTC+00:00] [11768] Failed to create record 'Vehicle.v_standard3_thorton_mackinaw_nomad_panam_inline_gear0'. reason: Record already exists
[2023-12-24 19:38:04 UTC+00:00] [11768] Failed to create record 'Vehicle.v_standard3_thorton_mackinaw_nomad_panam_inline_gear1'. reason: Record already exists
[2023-12-24 19:38:04 UTC+00:00] [11768] Failed to create record 'Vehicle.v_standard3_thorton_mackinaw_nomad_panam_inline_gear2'. reason: Record already exists
[2023-12-24 19:38:04 UTC+00:00] [11768] Failed to create record 'Vehicle.v_standard3_thorton_mackinaw_nomad_panam_inline_gear3'. reason: Record already exists
[2023-12-24 19:38:04 UTC+00:00] [11768] Failed to create record 'Vehicle.v_standard3_thorton_mackinaw_nomad_panam_inline_gear4'. reason: Record already exists
[2023-12-24 19:38:04 UTC+00:00] [11768] Failed to create record 'Vehicle.v_standard3_thorton_mackinaw_nomad_panam_inline_gear5'. reason: Record already exists
[2023-12-24 19:38:04 UTC+00:00] [11768] Failed to create record 'Vehicle.v_standard3_thorton_mackinaw_nomad_panam_inline_gear6'. reason: Record already exists
[2023-12-24 19:38:04 UTC+00:00] [11768] Failed to create record 'Vehicle.v_standard3_thorton_mackinaw_nomad_panam_inline_gear7'. reason: Record already exists
[2023-12-24 19:38:04 UTC+00:00] [11768] Failed to create record 'Vehicle.v_standard2_chevalier_thrax_full_enginedata'. reason: Record already exists
[2023-12-24 19:38:04 UTC+00:00] [11768] Failed to create record 'Vehicle.v_standard2_chevalier_thrax_full_vehDriveModelData'. reason: Record already exists
[2023-12-24 19:38:04 UTC+00:00] [11768] Failed to create record 'Vehicle.v_standard2_chevalier_thrax_full_vehDataPackage'. reason: Record already exists
[2023-12-24 19:38:04 UTC+00:00] [11768] Failed to create record 'Vehicle.v_standard2_chevalier_thrax_full_vehWheelDimensionsSetup'. reason: Record already exists
[2023-12-24 19:38:04 UTC+00:00] [11768] Failed to create record 'Vehicle.v_standard2_chevalier_thrax_full_vehWheelSetup'. reason: Record already exists
[2023-12-24 19:38:04 UTC+00:00] [11768] Failed to create record 'Vehicle.v_standard2_chevalier_thrax_full_vehWheelSetupFrontPreset'. reason: Record already exists
[2023-12-24 19:38:04 UTC+00:00] [11768] Failed to create record 'Vehicle.v_standard2_chevalier_thrax_full_vehWheelSetupRearPreset'. reason: Record already exists
[2023-12-24 19:38:04 UTC+00:00] [11768] Failed to create record 'Vehicle.v_standard2_chevalier_thrax_inline_gear0'. reason: Record already exists
[2023-12-24 19:38:04 UTC+00:00] [11768] Failed to create record 'Vehicle.v_standard2_chevalier_thrax_inline_gear1'. reason: Record already exists
[2023-12-24 19:38:04 UTC+00:00] [11768] Failed to create record 'Vehicle.v_standard2_chevalier_thrax_inline_gear2'. reason: Record already exists
[2023-12-24 19:38:04 UTC+00:00] [11768] Failed to create record 'Vehicle.v_standard2_chevalier_thrax_inline_gear3'. reason: Record already exists
[2023-12-24 19:38:04 UTC+00:00] [11768] Failed to create record 'Vehicle.v_standard2_chevalier_thrax_inline_gear4'. reason: Record already exists
[2023-12-24 19:38:04 UTC+00:00] [11768] Failed to create record 'Vehicle.v_standard2_chevalier_thrax_inline_gear5'. reason: Record already exists
[2023-12-24 19:38:04 UTC+00:00] [11768] Failed to create record 'Vehicle.v_standard2_chevalier_thrax_inline_gear6'. reason: Record already exists
[2023-12-24 19:38:04 UTC+00:00] [11768] Failed to create record 'Vehicle.v_standard2_chevalier_thrax_inline_gear7'. reason: Record already exists
[2023-12-24 19:38:04 UTC+00:00] [11768] Failed to create record 'Vehicle.v_sport2_villefort_alvarado_full_enginedata'. reason: Record already exists
[2023-12-24 19:38:04 UTC+00:00] [11768] Failed to create record 'Vehicle.v_sport2_villefort_alvarado_full_vehDriveModelData'. reason: Record already exists
[2023-12-24 19:38:04 UTC+00:00] [11768] Failed to create record 'Vehicle.v_sport2_villefort_alvarado_full_vehDataPackage'. reason: Record already exists
[2023-12-24 19:38:04 UTC+00:00] [11768] Failed to create record 'Vehicle.v_sport2_villefort_alvarado_full_vehWheelDimensionsSetup'. reason: Record already exists
[2023-12-24 19:38:04 UTC+00:00] [11768] Failed to create record 'Vehicle.v_sport2_villefort_alvarado_full_vehWheelSetup'. reason: Record already exists
[2023-12-24 19:38:04 UTC+00:00] [11768] Failed to create record 'Vehicle.v_sport2_villefort_alvarado_full_vehWheelSetupFrontPreset'. reason: Record already exists
[2023-12-24 19:38:04 UTC+00:00] [11768] Failed to create record 'Vehicle.v_sport2_villefort_alvarado_full_vehWheelSetupRearPreset'. reason: Record already exists
[2023-12-24 19:38:04 UTC+00:00] [11768] Failed to create record 'Vehicle.v_sport2_villefort_alvarado_inline_gear0'. reason: Record already exists
[2023-12-24 19:38:04 UTC+00:00] [11768] Failed to create record 'Vehicle.v_sport2_villefort_alvarado_inline_gear1'. reason: Record already exists
[2023-12-24 19:38:04 UTC+00:00] [11768] Failed to create record 'Vehicle.v_sport2_villefort_alvarado_inline_gear2'. reason: Record already exists
[2023-12-24 19:38:04 UTC+00:00] [11768] Failed to create record 'Vehicle.v_sport2_villefort_alvarado_inline_gear3'. reason: Record already exists
[2023-12-24 19:38:04 UTC+00:00] [11768] Failed to create record 'Vehicle.v_sport2_villefort_alvarado_inline_gear4'. reason: Record already exists
[2023-12-24 19:38:04 UTC+00:00] [11768] Failed to create record 'Vehicle.v_sport2_villefort_alvarado_inline_gear5'. reason: Record already exists
[2023-12-24 19:38:04 UTC+00:00] [11768] Failed to create record 'Vehicle.v_sport2_villefort_alvarado_inline_gear6'. reason: Record already exists
[2023-12-24 19:38:04 UTC+00:00] [11768] Failed to create record 'Vehicle.v_sport2_villefort_alvarado_inline_gear7'. reason: Record already exists
[2023-12-24 19:38:04 UTC+00:00] [11768] Failed to create record 'Vehicle.v_standard25_villefort_columbus_full_enginedata'. reason: Record already exists
[2023-12-24 19:38:04 UTC+00:00] [11768] Failed to create record 'Vehicle.v_standard25_villefort_columbus_full_vehDriveModelData'. reason: Record already exists
[2023-12-24 19:38:04 UTC+00:00] [11768] Failed to create record 'Vehicle.v_standard25_villefort_columbus_full_vehDataPackage'. reason: Record already exists
[2023-12-24 19:38:04 UTC+00:00] [11768] Failed to create record 'Vehicle.v_standard25_villefort_columbus_full_vehWheelDimensionsSetup'. reason: Record already exists
[2023-12-24 19:38:04 UTC+00:00] [11768] Failed to create record 'Vehicle.v_standard25_villefort_columbus_full_vehWheelSetup'. reason: Record already exists
[2023-12-24 19:38:04 UTC+00:00] [11768] Failed to create record 'Vehicle.v_standard25_villefort_columbus_full_vehWheelSetupFrontPreset'. reason: Record already exists
[2023-12-24 19:38:04 UTC+00:00] [11768] Failed to create record 'Vehicle.v_standard25_villefort_columbus_full_vehWheelSetupRearPreset'. reason: Record already exists
[2023-12-24 19:38:04 UTC+00:00] [11768] Failed to create record 'Vehicle.v_standard25_villefort_columbus_inline_gear0'. reason: Record already exists
[2023-12-24 19:38:04 UTC+00:00] [11768] Failed to create record 'Vehicle.v_standard25_villefort_columbus_inline_gear1'. reason: Record already exists
[2023-12-24 19:38:04 UTC+00:00] [11768] Failed to create record 'Vehicle.v_standard25_villefort_columbus_inline_gear2'. reason: Record already exists
[2023-12-24 19:38:04 UTC+00:00] [11768] Failed to create record 'Vehicle.v_standard25_villefort_columbus_inline_gear3'. reason: Record already exists
[2023-12-24 19:38:04 UTC+00:00] [11768] Failed to create record 'Vehicle.v_standard25_villefort_columbus_inline_gear4'. reason: Record already exists
[2023-12-24 19:38:04 UTC+00:00] [11768] Failed to create record 'Vehicle.v_standard25_villefort_columbus_inline_gear5'. reason: Record already exists
[2023-12-24 19:38:04 UTC+00:00] [11768] Failed to create record 'Vehicle.v_standard25_villefort_columbus_inline_gear6'. reason: Record already exists
[2023-12-24 19:38:04 UTC+00:00] [11768] Failed to create record 'Vehicle.v_standard25_villefort_columbus_inline_gear7'. reason: Record already exists
[2023-12-24 19:38:04 UTC+00:00] [11768] Failed to create record 'Vehicle.v_standard2_villefort_cortes_full_enginedata'. reason: Record already exists
[2023-12-24 19:38:04 UTC+00:00] [11768] Failed to create record 'Vehicle.v_standard2_villefort_cortes_full_vehDriveModelData'. reason: Record already exists
[2023-12-24 19:38:04 UTC+00:00] [11768] Failed to create record 'Vehicle.v_standard2_villefort_cortes_full_vehDataPackage'. reason: Record already exists
[2023-12-24 19:38:04 UTC+00:00] [11768] Failed to create record 'Vehicle.v_standard2_villefort_cortes_full_vehWheelDimensionsSetup'. reason: Record already exists
[2023-12-24 19:38:04 UTC+00:00] [11768] Failed to create record 'Vehicle.v_standard2_villefort_cortes_full_vehWheelSetup'. reason: Record already exists
[2023-12-24 19:38:04 UTC+00:00] [11768] Failed to create record 'Vehicle.v_standard2_villefort_cortes_full_vehWheelSetupFrontPreset'. reason: Record already exists
[2023-12-24 19:38:04 UTC+00:00] [11768] Failed to create record 'Vehicle.v_standard2_villefort_cortes_full_vehWheelSetupRearPreset'. reason: Record already exists
[2023-12-24 19:38:04 UTC+00:00] [11768] Failed to create record 'Vehicle.v_standard2_villefort_cortes_inline_gear0'. reason: Record already exists
[2023-12-24 19:38:04 UTC+00:00] [11768] Failed to create record 'Vehicle.v_standard2_villefort_cortes_inline_gear1'. reason: Record already exists
[2023-12-24 19:38:04 UTC+00:00] [11768] Failed to create record 'Vehicle.v_standard2_villefort_cortes_inline_gear2'. reason: Record already exists
[2023-12-24 19:38:04 UTC+00:00] [11768] Failed to create record 'Vehicle.v_standard2_villefort_cortes_inline_gear3'. reason: Record already exists
[2023-12-24 19:38:04 UTC+00:00] [11768] Failed to create record 'Vehicle.v_standard2_villefort_cortes_inline_gear4'. reason: Record already exists
[2023-12-24 19:38:04 UTC+00:00] [11768] Failed to create record 'Vehicle.v_standard2_villefort_cortes_inline_gear5'. reason: Record already exists
[2023-12-24 19:38:04 UTC+00:00] [11768] Failed to create record 'Vehicle.v_standard2_villefort_cortes_inline_gear6'. reason: Record already exists
[2023-12-24 19:38:04 UTC+00:00] [11768] Failed to create record 'Vehicle.v_standard2_villefort_cortes_inline_gear7'. reason: Record already exists
[2023-12-24 19:38:04 UTC+00:00] [11768] Failed to create record 'Vehicle.v_standard2_archer_bandit_full_enginedata'. reason: Record already exists
[2023-12-24 19:38:04 UTC+00:00] [11768] Failed to create record 'Vehicle.v_standard2_archer_bandit_full_vehDriveModelData'. reason: Record already exists
[2023-12-24 19:38:04 UTC+00:00] [11768] Failed to create record 'Vehicle.v_standard2_archer_bandit_full_vehDataPackage'. reason: Record already exists
[2023-12-24 19:38:04 UTC+00:00] [11768] Failed to create record 'Vehicle.v_standard2_archer_bandit_full_vehWheelDimensionsSetup'. reason: Record already exists
[2023-12-24 19:38:04 UTC+00:00] [11768] Failed to create record 'Vehicle.v_standard2_archer_bandit_full_vehWheelSetup'. reason: Record already exists
[2023-12-24 19:38:04 UTC+00:00] [11768] Failed to create record 'Vehicle.v_standard2_archer_bandit_full_vehWheelSetupFrontPreset'. reason: Record already exists
[2023-12-24 19:38:04 UTC+00:00] [11768] Failed to create record 'Vehicle.v_standard2_archer_bandit_full_vehWheelSetupRearPreset'. reason: Record already exists
[2023-12-24 19:38:04 UTC+00:00] [11768] Failed to create record 'Vehicle.v_standard2_archer_bandit_inline_gear0'. reason: Record already exists
[2023-12-24 19:38:04 UTC+00:00] [11768] Failed to create record 'Vehicle.v_standard2_archer_bandit_inline_gear1'. reason: Record already exists
[2023-12-24 19:38:04 UTC+00:00] [11768] Failed to create record 'Vehicle.v_standard2_archer_bandit_inline_gear2'. reason: Record already exists
[2023-12-24 19:38:04 UTC+00:00] [11768] Failed to create record 'Vehicle.v_standard2_archer_bandit_inline_gear3'. reason: Record already exists
[2023-12-24 19:38:04 UTC+00:00] [11768] Failed to create record 'Vehicle.v_standard2_archer_bandit_inline_gear4'. reason: Record already exists
[2023-12-24 19:38:04 UTC+00:00] [11768] Failed to create record 'Vehicle.v_standard2_archer_bandit_inline_gear5'. reason: Record already exists
[2023-12-24 19:38:04 UTC+00:00] [11768] Failed to create record 'Vehicle.v_standard2_archer_bandit_inline_gear6'. reason: Record already exists
[2023-12-24 19:38:04 UTC+00:00] [11768] Failed to create record 'Vehicle.v_standard2_archer_bandit_inline_gear7'. reason: Record already exists
[2023-12-24 19:38:04 UTC+00:00] [11768] Failed to create record 'Vehicle.v_standard2_archer_quartz_gt_full_enginedata'. reason: Record already exists
[2023-12-24 19:38:04 UTC+00:00] [11768] Failed to create record 'Vehicle.v_standard2_archer_quartz_gt_full_vehDriveModelData'. reason: Record already exists
[2023-12-24 19:38:04 UTC+00:00] [11768] Failed to create record 'Vehicle.v_standard2_archer_quartz_gt_full_vehDataPackage'. reason: Record already exists
[2023-12-24 19:38:04 UTC+00:00] [11768] Failed to create record 'Vehicle.v_standard2_archer_quartz_gt_full_vehWheelDimensionsSetup'. reason: Record already exists
[2023-12-24 19:38:04 UTC+00:00] [11768] Failed to create record 'Vehicle.v_standard2_archer_quartz_gt_full_vehWheelSetup'. reason: Record already exists
[2023-12-24 19:38:04 UTC+00:00] [11768] Failed to create record 'Vehicle.v_standard2_archer_quartz_gt_full_vehWheelSetupFrontPreset'. reason: Record already exists
[2023-12-24 19:38:04 UTC+00:00] [11768] Failed to create record 'Vehicle.v_standard2_archer_quartz_gt_full_vehWheelSetupRearPreset'. reason: Record already exists
[2023-12-24 19:38:04 UTC+00:00] [11768] Failed to create record 'Vehicle.v_standard2_archer_quartz_gt_inline_gear0'. reason: Record already exists
[2023-12-24 19:38:04 UTC+00:00] [11768] Failed to create record 'Vehicle.v_standard2_archer_quartz_gt_inline_gear1'. reason: Record already exists
[2023-12-24 19:38:04 UTC+00:00] [11768] Failed to create record 'Vehicle.v_standard2_archer_quartz_gt_inline_gear2'. reason: Record already exists
[2023-12-24 19:38:04 UTC+00:00] [11768] Failed to create record 'Vehicle.v_standard2_archer_quartz_gt_inline_gear3'. reason: Record already exists
[2023-12-24 19:38:04 UTC+00:00] [11768] Failed to create record 'Vehicle.v_standard2_archer_quartz_gt_inline_gear4'. reason: Record already exists
[2023-12-24 19:38:04 UTC+00:00] [11768] Failed to create record 'Vehicle.v_standard2_archer_quartz_gt_inline_gear5'. reason: Record already exists
[2023-12-24 19:38:04 UTC+00:00] [11768] Failed to create record 'Vehicle.v_standard2_archer_quartz_gt_inline_gear6'. reason: Record already exists
[2023-12-24 19:38:04 UTC+00:00] [11768] Failed to create record 'Vehicle.v_standard2_archer_hella_player_full_enginedata'. reason: Record already exists
[2023-12-24 19:38:04 UTC+00:00] [11768] Failed to create record 'Vehicle.v_standard2_archer_hella_player_full_vehDriveModelData'. reason: Record already exists
[2023-12-24 19:38:04 UTC+00:00] [11768] Failed to create record 'Vehicle.v_standard2_archer_hella_player_full_vehDataPackage'. reason: Record already exists
[2023-12-24 19:38:04 UTC+00:00] [11768] Failed to create record 'Vehicle.v_standard2_archer_hella_player_full_vehWheelDimensionsSetup'. reason: Record already exists
[2023-12-24 19:38:04 UTC+00:00] [11768] Failed to create record 'Vehicle.v_standard2_archer_hella_player_full_vehWheelSetup'. reason: Record already exists
[2023-12-24 19:38:04 UTC+00:00] [11768] Failed to create record 'Vehicle.v_standard2_archer_hella_player_full_vehWheelSetupFrontPreset'. reason: Record already exists
[2023-12-24 19:38:04 UTC+00:00] [11768] Failed to create record 'Vehicle.v_standard2_archer_hella_player_full_vehWheelSetupRearPreset'. reason: Record already exists
[2023-12-24 19:38:04 UTC+00:00] [11768] Failed to create record 'Vehicle.v_standard2_archer_hella_player_inline_gear0'. reason: Record already exists
[2023-12-24 19:38:04 UTC+00:00] [11768] Failed to create record 'Vehicle.v_standard2_archer_hella_player_inline_gear1'. reason: Record already exists
[2023-12-24 19:38:04 UTC+00:00] [11768] Failed to create record 'Vehicle.v_standard2_archer_hella_player_inline_gear2'. reason: Record already exists
[2023-12-24 19:38:04 UTC+00:00] [11768] Failed to create record 'Vehicle.v_standard2_archer_hella_player_inline_gear3'. reason: Record already exists
[2023-12-24 19:38:04 UTC+00:00] [11768] Failed to create record 'Vehicle.v_standard2_archer_hella_player_inline_gear4'. reason: Record already exists
[2023-12-24 19:38:04 UTC+00:00] [11768] Failed to create record 'Vehicle.v_standard2_archer_hella_player_inline_gear5'. reason: Record already exists
[2023-12-24 19:38:04 UTC+00:00] [11768] Failed to create record 'Vehicle.v_standard2_archer_hella_player_inline_gear6'. reason: Record already exists
[2023-12-24 19:38:34 UTC+00:00] [16760] Failed to create record 'Vehicle.v_standard3_thorton_mackinaw_nomad_panam_full_enginedata'. reason: Record already exists
[2023-12-24 19:38:34 UTC+00:00] [16760] Failed to create record 'Vehicle.v_standard3_thorton_mackinaw_nomad_panam_full_vehDriveModelData'. reason: Record already exists
[2023-12-24 19:38:34 UTC+00:00] [16760] Failed to create record 'Vehicle.v_standard3_thorton_mackinaw_nomad_panam_full_vehDataPackage'. reason: Record already exists
[2023-12-24 19:38:34 UTC+00:00] [16760] Failed to create record 'Vehicle.v_standard3_thorton_mackinaw_nomad_panam_full_vehWheelDimensionsSetup'. reason: Record already exists
[2023-12-24 19:38:34 UTC+00:00] [16760] Failed to create record 'Vehicle.v_standard3_thorton_mackinaw_nomad_panam_full_vehWheelSetup'. reason: Record already exists
[2023-12-24 19:38:34 UTC+00:00] [16760] Failed to create record 'Vehicle.v_standard3_thorton_mackinaw_nomad_panam_full_vehWheelSetupFrontPreset'. reason: Record already exists
[2023-12-24 19:38:34 UTC+00:00] [16760] Failed to create record 'Vehicle.v_standard3_thorton_mackinaw_nomad_panam_full_vehWheelSetupRearPreset'. reason: Record already exists
[2023-12-24 19:38:34 UTC+00:00] [16760] Failed to create record 'Vehicle.v_standard3_thorton_mackinaw_nomad_panam_inline_gear0'. reason: Record already exists
[2023-12-24 19:38:34 UTC+00:00] [16760] Failed to create record 'Vehicle.v_standard3_thorton_mackinaw_nomad_panam_inline_gear1'. reason: Record already exists
[2023-12-24 19:38:34 UTC+00:00] [16760] Failed to create record 'Vehicle.v_standard3_thorton_mackinaw_nomad_panam_inline_gear2'. reason: Record already exists
[2023-12-24 19:38:34 UTC+00:00] [16760] Failed to create record 'Vehicle.v_standard3_thorton_mackinaw_nomad_panam_inline_gear3'. reason: Record already exists
[2023-12-24 19:38:34 UTC+00:00] [16760] Failed to create record 'Vehicle.v_standard3_thorton_mackinaw_nomad_panam_inline_gear4'. reason: Record already exists
[2023-12-24 19:38:34 UTC+00:00] [16760] Failed to create record 'Vehicle.v_standard3_thorton_mackinaw_nomad_panam_inline_gear5'. reason: Record already exists
[2023-12-24 19:38:34 UTC+00:00] [16760] Failed to create record 'Vehicle.v_standard3_thorton_mackinaw_nomad_panam_inline_gear6'. reason: Record already exists
[2023-12-24 19:38:34 UTC+00:00] [16760] Failed to create record 'Vehicle.v_standard3_thorton_mackinaw_nomad_panam_inline_gear7'. reason: Record already exists
[2023-12-26 02:19:55 UTC+00:00] [2684] Failed to create record 'Vehicle.v_standard3_thorton_mackinaw_nomad_panam_full_enginedata'. reason: Record already exists
[2023-12-26 02:19:55 UTC+00:00] [2684] Failed to create record 'Vehicle.v_standard3_thorton_mackinaw_nomad_panam_full_vehDriveModelData'. reason: Record already exists
[2023-12-26 02:19:55 UTC+00:00] [2684] Failed to create record 'Vehicle.v_standard3_thorton_mackinaw_nomad_panam_full_vehDataPackage'. reason: Record already exists
[2023-12-26 02:19:55 UTC+00:00] [2684] Failed to create record 'Vehicle.v_standard3_thorton_mackinaw_nomad_panam_full_vehWheelDimensionsSetup'. reason: Record already exists
[2023-12-26 02:19:55 UTC+00:00] [2684] Failed to create record 'Vehicle.v_standard3_thorton_mackinaw_nomad_panam_full_vehWheelSetup'. reason: Record already exists
[2023-12-26 02:19:55 UTC+00:00] [2684] Failed to create record 'Vehicle.v_standard3_thorton_mackinaw_nomad_panam_full_vehWheelSetupFrontPreset'. reason: Record already exists
[2023-12-26 02:19:55 UTC+00:00] [2684] Failed to create record 'Vehicle.v_standard3_thorton_mackinaw_nomad_panam_full_vehWheelSetupRearPreset'. reason: Record already exists
[2023-12-26 02:19:55 UTC+00:00] [2684] Failed to create record 'Vehicle.v_standard3_thorton_mackinaw_nomad_panam_inline_gear0'. reason: Record already exists
[2023-12-26 02:19:55 UTC+00:00] [2684] Failed to create record 'Vehicle.v_standard3_thorton_mackinaw_nomad_panam_inline_gear1'. reason: Record already exists
[2023-12-26 02:19:55 UTC+00:00] [2684] Failed to create record 'Vehicle.v_standard3_thorton_mackinaw_nomad_panam_inline_gear2'. reason: Record already exists
[2023-12-26 02:19:55 UTC+00:00] [2684] Failed to create record 'Vehicle.v_standard3_thorton_mackinaw_nomad_panam_inline_gear3'. reason: Record already exists
[2023-12-26 02:19:55 UTC+00:00] [2684] Failed to create record 'Vehicle.v_standard3_thorton_mackinaw_nomad_panam_inline_gear4'. reason: Record already exists
[2023-12-26 02:19:55 UTC+00:00] [2684] Failed to create record 'Vehicle.v_standard3_thorton_mackinaw_nomad_panam_inline_gear5'. reason: Record already exists
[2023-12-26 02:19:55 UTC+00:00] [2684] Failed to create record 'Vehicle.v_standard3_thorton_mackinaw_nomad_panam_inline_gear6'. reason: Record already exists
[2023-12-26 02:19:55 UTC+00:00] [2684] Failed to create record 'Vehicle.v_standard3_thorton_mackinaw_nomad_panam_inline_gear7'. reason: Record already exists
[2023-12-27 01:49:16 UTC+00:00] [5732] Failed to create record 'Vehicle.v_standard3_thorton_mackinaw_nomad_panam_full_enginedata'. reason: Record already exists
[2023-12-27 01:49:16 UTC+00:00] [5732] Failed to create record 'Vehicle.v_standard3_thorton_mackinaw_nomad_panam_full_vehDriveModelData'. reason: Record already exists
[2023-12-27 01:49:16 UTC+00:00] [5732] Failed to create record 'Vehicle.v_standard3_thorton_mackinaw_nomad_panam_full_vehDataPackage'. reason: Record already exists
[2023-12-27 01:49:16 UTC+00:00] [5732] Failed to create record 'Vehicle.v_standard3_thorton_mackinaw_nomad_panam_full_vehWheelDimensionsSetup'. reason: Record already exists
[2023-12-27 01:49:16 UTC+00:00] [5732] Failed to create record 'Vehicle.v_standard3_thorton_mackinaw_nomad_panam_full_vehWheelSetup'. reason: Record already exists
[2023-12-27 01:49:16 UTC+00:00] [5732] Failed to create record 'Vehicle.v_standard3_thorton_mackinaw_nomad_panam_full_vehWheelSetupFrontPreset'. reason: Record already exists
[2023-12-27 01:49:16 UTC+00:00] [5732] Failed to create record 'Vehicle.v_standard3_thorton_mackinaw_nomad_panam_full_vehWheelSetupRearPreset'. reason: Record already exists
[2023-12-27 01:49:16 UTC+00:00] [5732] Failed to create record 'Vehicle.v_standard3_thorton_mackinaw_nomad_panam_inline_gear0'. reason: Record already exists
[2023-12-27 01:49:16 UTC+00:00] [5732] Failed to create record 'Vehicle.v_standard3_thorton_mackinaw_nomad_panam_inline_gear1'. reason: Record already exists
[2023-12-27 01:49:16 UTC+00:00] [5732] Failed to create record 'Vehicle.v_standard3_thorton_mackinaw_nomad_panam_inline_gear2'. reason: Record already exists
[2023-12-27 01:49:16 UTC+00:00] [5732] Failed to create record 'Vehicle.v_standard3_thorton_mackinaw_nomad_panam_inline_gear3'. reason: Record already exists
[2023-12-27 01:49:16 UTC+00:00] [5732] Failed to create record 'Vehicle.v_standard3_thorton_mackinaw_nomad_panam_inline_gear4'. reason: Record already exists
[2023-12-27 01:49:16 UTC+00:00] [5732] Failed to create record 'Vehicle.v_standard3_thorton_mackinaw_nomad_panam_inline_gear5'. reason: Record already exists
[2023-12-27 01:49:16 UTC+00:00] [5732] Failed to create record 'Vehicle.v_standard3_thorton_mackinaw_nomad_panam_inline_gear6'. reason: Record already exists
[2023-12-27 01:49:16 UTC+00:00] [5732] Failed to create record 'Vehicle.v_standard3_thorton_mackinaw_nomad_panam_inline_gear7'. reason: Record already exists
[2023-12-27 01:55:29 UTC+00:00] [2348] Failed to create record 'Vehicle.v_standard3_thorton_mackinaw_nomad_panam_full_enginedata'. reason: Record already exists
[2023-12-27 01:55:29 UTC+00:00] [2348] Failed to create record 'Vehicle.v_standard3_thorton_mackinaw_nomad_panam_full_vehDriveModelData'. reason: Record already exists
[2023-12-27 01:55:29 UTC+00:00] [2348] Failed to create record 'Vehicle.v_standard3_thorton_mackinaw_nomad_panam_full_vehDataPackage'. reason: Record already exists
[2023-12-27 01:55:29 UTC+00:00] [2348] Failed to create record 'Vehicle.v_standard3_thorton_mackinaw_nomad_panam_full_vehWheelDimensionsSetup'. reason: Record already exists
[2023-12-27 01:55:29 UTC+00:00] [2348] Failed to create record 'Vehicle.v_standard3_thorton_mackinaw_nomad_panam_full_vehWheelSetup'. reason: Record already exists
[2023-12-27 01:55:29 UTC+00:00] [2348] Failed to create record 'Vehicle.v_standard3_thorton_mackinaw_nomad_panam_full_vehWheelSetupFrontPreset'. reason: Record already exists
[2023-12-27 01:55:29 UTC+00:00] [2348] Failed to create record 'Vehicle.v_standard3_thorton_mackinaw_nomad_panam_full_vehWheelSetupRearPreset'. reason: Record already exists
[2023-12-27 01:55:29 UTC+00:00] [2348] Failed to create record 'Vehicle.v_standard3_thorton_mackinaw_nomad_panam_inline_gear0'. reason: Record already exists
[2023-12-27 01:55:29 UTC+00:00] [2348] Failed to create record 'Vehicle.v_standard3_thorton_mackinaw_nomad_panam_inline_gear1'. reason: Record already exists
[2023-12-27 01:55:29 UTC+00:00] [2348] Failed to create record 'Vehicle.v_standard3_thorton_mackinaw_nomad_panam_inline_gear2'. reason: Record already exists
[2023-12-27 01:55:29 UTC+00:00] [2348] Failed to create record 'Vehicle.v_standard3_thorton_mackinaw_nomad_panam_inline_gear3'. reason: Record already exists
[2023-12-27 01:55:29 UTC+00:00] [2348] Failed to create record 'Vehicle.v_standard3_thorton_mackinaw_nomad_panam_inline_gear4'. reason: Record already exists
[2023-12-27 01:55:29 UTC+00:00] [2348] Failed to create record 'Vehicle.v_standard3_thorton_mackinaw_nomad_panam_inline_gear5'. reason: Record already exists
[2023-12-27 01:55:29 UTC+00:00] [2348] Failed to create record 'Vehicle.v_standard3_thorton_mackinaw_nomad_panam_inline_gear6'. reason: Record already exists
[2023-12-27 01:55:29 UTC+00:00] [2348] Failed to create record 'Vehicle.v_standard3_thorton_mackinaw_nomad_panam_inline_gear7'. reason: Record already exists
[2023-12-27 06:00:36 UTC+00:00] [15920] Failed to create record 'Vehicle.v_standard3_thorton_mackinaw_nomad_panam_full_enginedata'. reason: Record already exists
[2023-12-27 06:00:36 UTC+00:00] [15920] Failed to create record 'Vehicle.v_standard3_thorton_mackinaw_nomad_panam_full_vehDriveModelData'. reason: Record already exists
[2023-12-27 06:00:36 UTC+00:00] [15920] Failed to create record 'Vehicle.v_standard3_thorton_mackinaw_nomad_panam_full_vehDataPackage'. reason: Record already exists
[2023-12-27 06:00:36 UTC+00:00] [15920] Failed to create record 'Vehicle.v_standard3_thorton_mackinaw_nomad_panam_full_vehWheelDimensionsSetup'. reason: Record already exists
[2023-12-27 06:00:36 UTC+00:00] [15920] Failed to create record 'Vehicle.v_standard3_thorton_mackinaw_nomad_panam_full_vehWheelSetup'. reason: Record already exists
[2023-12-27 06:00:36 UTC+00:00] [15920] Failed to create record 'Vehicle.v_standard3_thorton_mackinaw_nomad_panam_full_vehWheelSetupFrontPreset'. reason: Record already exists
[2023-12-27 06:00:36 UTC+00:00] [15920] Failed to create record 'Vehicle.v_standard3_thorton_mackinaw_nomad_panam_full_vehWheelSetupRearPreset'. reason: Record already exists
[2023-12-27 06:00:36 UTC+00:00] [15920] Failed to create record 'Vehicle.v_standard3_thorton_mackinaw_nomad_panam_inline_gear0'. reason: Record already exists
[2023-12-27 06:00:36 UTC+00:00] [15920] Failed to create record 'Vehicle.v_standard3_thorton_mackinaw_nomad_panam_inline_gear1'. reason: Record already exists
[2023-12-27 06:00:36 UTC+00:00] [15920] Failed to create record 'Vehicle.v_standard3_thorton_mackinaw_nomad_panam_inline_gear2'. reason: Record already exists
[2023-12-27 06:00:36 UTC+00:00] [15920] Failed to create record 'Vehicle.v_standard3_thorton_mackinaw_nomad_panam_inline_gear3'. reason: Record already exists
[2023-12-27 06:00:36 UTC+00:00] [15920] Failed to create record 'Vehicle.v_standard3_thorton_mackinaw_nomad_panam_inline_gear4'. reason: Record already exists
[2023-12-27 06:00:36 UTC+00:00] [15920] Failed to create record 'Vehicle.v_standard3_thorton_mackinaw_nomad_panam_inline_gear5'. reason: Record already exists
[2023-12-27 06:00:36 UTC+00:00] [15920] Failed to create record 'Vehicle.v_standard3_thorton_mackinaw_nomad_panam_inline_gear6'. reason: Record already exists
[2023-12-27 06:00:36 UTC+00:00] [15920] Failed to create record 'Vehicle.v_standard3_thorton_mackinaw_nomad_panam_inline_gear7'. reason: Record already exists
[2023-12-29 18:15:32 UTC+00:00] [2892] Failed to create record 'Vehicle.v_standard3_thorton_mackinaw_nomad_panam_full_enginedata'. reason: Record already exists
[2023-12-29 18:15:32 UTC+00:00] [2892] Failed to create record 'Vehicle.v_standard3_thorton_mackinaw_nomad_panam_full_vehDriveModelData'. reason: Record already exists
[2023-12-29 18:15:32 UTC+00:00] [2892] Failed to create record 'Vehicle.v_standard3_thorton_mackinaw_nomad_panam_full_vehDataPackage'. reason: Record already exists
[2023-12-29 18:15:32 UTC+00:00] [2892] Failed to create record 'Vehicle.v_standard3_thorton_mackinaw_nomad_panam_full_vehWheelDimensionsSetup'. reason: Record already exists
[2023-12-29 18:15:32 UTC+00:00] [2892] Failed to create record 'Vehicle.v_standard3_thorton_mackinaw_nomad_panam_full_vehWheelSetup'. reason: Record already exists
[2023-12-29 18:15:32 UTC+00:00] [2892] Failed to create record 'Vehicle.v_standard3_thorton_mackinaw_nomad_panam_full_vehWheelSetupFrontPreset'. reason: Record already exists
[2023-12-29 18:15:32 UTC+00:00] [2892] Failed to create record 'Vehicle.v_standard3_thorton_mackinaw_nomad_panam_full_vehWheelSetupRearPreset'. reason: Record already exists
[2023-12-29 18:15:32 UTC+00:00] [2892] Failed to create record 'Vehicle.v_standard3_thorton_mackinaw_nomad_panam_inline_gear0'. reason: Record already exists
[2023-12-29 18:15:32 UTC+00:00] [2892] Failed to create record 'Vehicle.v_standard3_thorton_mackinaw_nomad_panam_inline_gear1'. reason: Record already exists
[2023-12-29 18:15:32 UTC+00:00] [2892] Failed to create record 'Vehicle.v_standard3_thorton_mackinaw_nomad_panam_inline_gear2'. reason: Record already exists
[2023-12-29 18:15:32 UTC+00:00] [2892] Failed to create record 'Vehicle.v_standard3_thorton_mackinaw_nomad_panam_inline_gear3'. reason: Record already exists
[2023-12-29 18:15:32 UTC+00:00] [2892] Failed to create record 'Vehicle.v_standard3_thorton_mackinaw_nomad_panam_inline_gear4'. reason: Record already exists
[2023-12-29 18:15:32 UTC+00:00] [2892] Failed to create record 'Vehicle.v_standard3_thorton_mackinaw_nomad_panam_inline_gear5'. reason: Record already exists
[2023-12-29 18:15:32 UTC+00:00] [2892] Failed to create record 'Vehicle.v_standard3_thorton_mackinaw_nomad_panam_inline_gear6'. reason: Record already exists
[2023-12-29 18:15:32 UTC+00:00] [2892] Failed to create record 'Vehicle.v_standard3_thorton_mackinaw_nomad_panam_inline_gear7'. reason: Record already exists
